ERROR - 2023-12-21 03:22:59 --> Error connecting to the database: mysqli_sql_exception: No connection could be made because the target machine actively refused it.
 in D:\server\xampp\htdocs\wdpf55_ci\codeigniter_p\system\Database\MySQLi\Connection.php:185
Stack trace:
#0 D:\server\xampp\htdocs\wdpf55_ci\codeigniter_p\system\Database\MySQLi\Connection.php(185): mysqli->real_connect('localhost', 'root', '', 'tourism_db', 3306, '', 0)
#1 D:\server\xampp\htdocs\wdpf55_ci\codeigniter_p\system\Database\BaseConnection.php(392): CodeIgniter\Database\MySQLi\Connection->connect(false)
#2 D:\server\xampp\htdocs\wdpf55_ci\codeigniter_p\system\Database\BaseConnection.php(575): CodeIgniter\Database\BaseConnection->initialize()
#3 D:\server\xampp\htdocs\wdpf55_ci\codeigniter_p\system\Database\BaseBuilder.php(1615): CodeIgniter\Database\BaseConnection->query('SELECT *\nFROM `...', Array, false)
#4 D:\server\xampp\htdocs\wdpf55_ci\codeigniter_p\system\Model.php(237): CodeIgniter\Database\BaseBuilder->get()
#5 D:\server\xampp\htdocs\wdpf55_ci\codeigniter_p\system\BaseModel.php(624): CodeIgniter\Model->doFindAll(0, 0)
#6 D:\server\xampp\htdocs\wdpf55_ci\codeigniter_p\app\Controllers\BlogController.php(18): CodeIgniter\BaseModel->findAll()
#7 D:\server\xampp\htdocs\wdpf55_ci\codeigniter_p\system\CodeIgniter.php(942): App\Controllers\BlogController->index()
#8 D:\server\xampp\htdocs\wdpf55_ci\codeigniter_p\system\CodeIgniter.php(502): CodeIgniter\CodeIgniter->runController(Object(App\Controllers\BlogController))
#9 D:\server\xampp\htdocs\wdpf55_ci\codeigniter_p\system\CodeIgniter.php(361): CodeIgniter\CodeIgniter->handleRequest(NULL, Object(Config\Cache), false)
#10 D:\server\xampp\htdocs\wdpf55_ci\codeigniter_p\public\index.php(79): CodeIgniter\CodeIgniter->run()
#11 D:\server\xampp\htdocs\wdpf55_ci\codeigniter_p\system\Commands\Server\rewrite.php(47): require_once('D:\\server\\xampp...')
#12 {main}

Next CodeIgniter\Database\Exceptions\DatabaseException: No connection could be made because the target machine actively refused it.
 in D:\server\xampp\htdocs\wdpf55_ci\codeigniter_p\system\Database\MySQLi\Connection.php:229
Stack trace:
#0 D:\server\xampp\htdocs\wdpf55_ci\codeigniter_p\system\Database\BaseConnection.php(392): CodeIgniter\Database\MySQLi\Connection->connect(false)
#1 D:\server\xampp\htdocs\wdpf55_ci\codeigniter_p\system\Database\BaseConnection.php(575): CodeIgniter\Database\BaseConnection->initialize()
#2 D:\server\xampp\htdocs\wdpf55_ci\codeigniter_p\system\Database\BaseBuilder.php(1615): CodeIgniter\Database\BaseConnection->query('SELECT *\nFROM `...', Array, false)
#3 D:\server\xampp\htdocs\wdpf55_ci\codeigniter_p\system\Model.php(237): CodeIgniter\Database\BaseBuilder->get()
#4 D:\server\xampp\htdocs\wdpf55_ci\codeigniter_p\system\BaseModel.php(624): CodeIgniter\Model->doFindAll(0, 0)
#5 D:\server\xampp\htdocs\wdpf55_ci\codeigniter_p\app\Controllers\BlogController.php(18): CodeIgniter\BaseModel->findAll()
#6 D:\server\xampp\htdocs\wdpf55_ci\codeigniter_p\system\CodeIgniter.php(942): App\Controllers\BlogController->index()
#7 D:\server\xampp\htdocs\wdpf55_ci\codeigniter_p\system\CodeIgniter.php(502): CodeIgniter\CodeIgniter->runController(Object(App\Controllers\BlogController))
#8 D:\server\xampp\htdocs\wdpf55_ci\codeigniter_p\system\CodeIgniter.php(361): CodeIgniter\CodeIgniter->handleRequest(NULL, Object(Config\Cache), false)
#9 D:\server\xampp\htdocs\wdpf55_ci\codeigniter_p\public\index.php(79): CodeIgniter\CodeIgniter->run()
#10 D:\server\xampp\htdocs\wdpf55_ci\codeigniter_p\system\Commands\Server\rewrite.php(47): require_once('D:\\server\\xampp...')
#11 {main}
CRITICAL - 2023-12-21 03:22:59 --> Unable to connect to the database.
Main connection [MySQLi]: No connection could be made because the target machine actively refused it.

in SYSTEMPATH\Database\BaseConnection.php on line 428.
 1 SYSTEMPATH\Database\BaseConnection.php(575): CodeIgniter\Database\BaseConnection->initialize()
 2 SYSTEMPATH\Database\BaseBuilder.php(1615): CodeIgniter\Database\BaseConnection->query('SELECT *
FROM `blog`', [], false)
 3 SYSTEMPATH\Model.php(237): CodeIgniter\Database\BaseBuilder->get()
 4 SYSTEMPATH\BaseModel.php(624): CodeIgniter\Model->doFindAll(0, 0)
 5 APPPATH\Controllers\BlogController.php(18): CodeIgniter\BaseModel->findAll()
 6 SYSTEMPATH\CodeIgniter.php(942): App\Controllers\BlogController->index()
 7 SYSTEMPATH\CodeIgniter.php(502): CodeIgniter\CodeIgniter->runController(Object(App\Controllers\BlogController))
 8 SYSTEMPATH\CodeIgniter.php(361): CodeIgniter\CodeIgniter->handleRequest(null, Object(Config\Cache), false)
 9 FCPATH\index.php(79): CodeIgniter\CodeIgniter->run()
10 SYSTEMPATH\Commands\Server\rewrite.php(47): require_once('D:\\server\\xampp\\htdocs\\wdpf55_ci\\codeigniter_p\\public\\index.php')
ERROR - 2023-12-21 03:23:04 --> Error connecting to the database: mysqli_sql_exception: No connection could be made because the target machine actively refused it.
 in D:\server\xampp\htdocs\wdpf55_ci\codeigniter_p\system\Database\MySQLi\Connection.php:185
Stack trace:
#0 D:\server\xampp\htdocs\wdpf55_ci\codeigniter_p\system\Database\MySQLi\Connection.php(185): mysqli->real_connect('localhost', 'root', '', 'tourism_db', 3306, '', 0)
#1 D:\server\xampp\htdocs\wdpf55_ci\codeigniter_p\system\Database\BaseConnection.php(392): CodeIgniter\Database\MySQLi\Connection->connect(false)
#2 D:\server\xampp\htdocs\wdpf55_ci\codeigniter_p\system\Database\BaseConnection.php(575): CodeIgniter\Database\BaseConnection->initialize()
#3 D:\server\xampp\htdocs\wdpf55_ci\codeigniter_p\system\Database\BaseBuilder.php(1615): CodeIgniter\Database\BaseConnection->query('SELECT *\nFROM `...', Array, false)
#4 D:\server\xampp\htdocs\wdpf55_ci\codeigniter_p\system\Model.php(237): CodeIgniter\Database\BaseBuilder->get()
#5 D:\server\xampp\htdocs\wdpf55_ci\codeigniter_p\system\BaseModel.php(624): CodeIgniter\Model->doFindAll(0, 0)
#6 D:\server\xampp\htdocs\wdpf55_ci\codeigniter_p\app\Controllers\BlogController.php(18): CodeIgniter\BaseModel->findAll()
#7 D:\server\xampp\htdocs\wdpf55_ci\codeigniter_p\system\CodeIgniter.php(942): App\Controllers\BlogController->index()
#8 D:\server\xampp\htdocs\wdpf55_ci\codeigniter_p\system\CodeIgniter.php(502): CodeIgniter\CodeIgniter->runController(Object(App\Controllers\BlogController))
#9 D:\server\xampp\htdocs\wdpf55_ci\codeigniter_p\system\CodeIgniter.php(361): CodeIgniter\CodeIgniter->handleRequest(NULL, Object(Config\Cache), false)
#10 D:\server\xampp\htdocs\wdpf55_ci\codeigniter_p\public\index.php(79): CodeIgniter\CodeIgniter->run()
#11 D:\server\xampp\htdocs\wdpf55_ci\codeigniter_p\system\Commands\Server\rewrite.php(47): require_once('D:\\server\\xampp...')
#12 {main}

Next CodeIgniter\Database\Exceptions\DatabaseException: No connection could be made because the target machine actively refused it.
 in D:\server\xampp\htdocs\wdpf55_ci\codeigniter_p\system\Database\MySQLi\Connection.php:229
Stack trace:
#0 D:\server\xampp\htdocs\wdpf55_ci\codeigniter_p\system\Database\BaseConnection.php(392): CodeIgniter\Database\MySQLi\Connection->connect(false)
#1 D:\server\xampp\htdocs\wdpf55_ci\codeigniter_p\system\Database\BaseConnection.php(575): CodeIgniter\Database\BaseConnection->initialize()
#2 D:\server\xampp\htdocs\wdpf55_ci\codeigniter_p\system\Database\BaseBuilder.php(1615): CodeIgniter\Database\BaseConnection->query('SELECT *\nFROM `...', Array, false)
#3 D:\server\xampp\htdocs\wdpf55_ci\codeigniter_p\system\Model.php(237): CodeIgniter\Database\BaseBuilder->get()
#4 D:\server\xampp\htdocs\wdpf55_ci\codeigniter_p\system\BaseModel.php(624): CodeIgniter\Model->doFindAll(0, 0)
#5 D:\server\xampp\htdocs\wdpf55_ci\codeigniter_p\app\Controllers\BlogController.php(18): CodeIgniter\BaseModel->findAll()
#6 D:\server\xampp\htdocs\wdpf55_ci\codeigniter_p\system\CodeIgniter.php(942): App\Controllers\BlogController->index()
#7 D:\server\xampp\htdocs\wdpf55_ci\codeigniter_p\system\CodeIgniter.php(502): CodeIgniter\CodeIgniter->runController(Object(App\Controllers\BlogController))
#8 D:\server\xampp\htdocs\wdpf55_ci\codeigniter_p\system\CodeIgniter.php(361): CodeIgniter\CodeIgniter->handleRequest(NULL, Object(Config\Cache), false)
#9 D:\server\xampp\htdocs\wdpf55_ci\codeigniter_p\public\index.php(79): CodeIgniter\CodeIgniter->run()
#10 D:\server\xampp\htdocs\wdpf55_ci\codeigniter_p\system\Commands\Server\rewrite.php(47): require_once('D:\\server\\xampp...')
#11 {main}
CRITICAL - 2023-12-21 03:23:04 --> Unable to connect to the database.
Main connection [MySQLi]: No connection could be made because the target machine actively refused it.

in SYSTEMPATH\Database\BaseConnection.php on line 428.
 1 SYSTEMPATH\Database\BaseConnection.php(575): CodeIgniter\Database\BaseConnection->initialize()
 2 SYSTEMPATH\Database\BaseBuilder.php(1615): CodeIgniter\Database\BaseConnection->query('SELECT *
FROM `blog`', [], false)
 3 SYSTEMPATH\Model.php(237): CodeIgniter\Database\BaseBuilder->get()
 4 SYSTEMPATH\BaseModel.php(624): CodeIgniter\Model->doFindAll(0, 0)
 5 APPPATH\Controllers\BlogController.php(18): CodeIgniter\BaseModel->findAll()
 6 SYSTEMPATH\CodeIgniter.php(942): App\Controllers\BlogController->index()
 7 SYSTEMPATH\CodeIgniter.php(502): CodeIgniter\CodeIgniter->runController(Object(App\Controllers\BlogController))
 8 SYSTEMPATH\CodeIgniter.php(361): CodeIgniter\CodeIgniter->handleRequest(null, Object(Config\Cache), false)
 9 FCPATH\index.php(79): CodeIgniter\CodeIgniter->run()
10 SYSTEMPATH\Commands\Server\rewrite.php(47): require_once('D:\\server\\xampp\\htdocs\\wdpf55_ci\\codeigniter_p\\public\\index.php')
INFO - 2023-12-21 03:23:14 --> Session: Class initialized using 'CodeIgniter\Session\Handlers\FileHandler' driver.
INFO - 2023-12-21 03:35:37 --> Session: Class initialized using 'CodeIgniter\Session\Handlers\FileHandler' driver.
INFO - 2023-12-21 03:35:47 --> Session: Class initialized using 'CodeIgniter\Session\Handlers\FileHandler' driver.
INFO - 2023-12-21 03:45:19 --> Session: Class initialized using 'CodeIgniter\Session\Handlers\FileHandler' driver.
INFO - 2023-12-21 03:48:06 --> Session: Class initialized using 'CodeIgniter\Session\Handlers\FileHandler' driver.
INFO - 2023-12-21 03:49:15 --> Session: Class initialized using 'CodeIgniter\Session\Handlers\FileHandler' driver.
INFO - 2023-12-21 03:49:15 --> Session: Class initialized using 'CodeIgniter\Session\Handlers\FileHandler' driver.
INFO - 2023-12-21 03:49:26 --> Session: Class initialized using 'CodeIgniter\Session\Handlers\FileHandler' driver.
INFO - 2023-12-21 03:54:41 --> Session: Class initialized using 'CodeIgniter\Session\Handlers\FileHandler' driver.
INFO - 2023-12-21 03:54:44 --> Session: Class initialized using 'CodeIgniter\Session\Handlers\FileHandler' driver.
CRITICAL - 2023-12-21 04:10:16 --> Call to a member function getRandomName() on null
in APPPATH\Controllers\ServiceController.php on line 39.
 1 SYSTEMPATH\CodeIgniter.php(942): App\Controllers\ServiceController->store()
 2 SYSTEMPATH\CodeIgniter.php(502): CodeIgniter\CodeIgniter->runController(Object(App\Controllers\ServiceController))
 3 SYSTEMPATH\CodeIgniter.php(361): CodeIgniter\CodeIgniter->handleRequest(null, Object(Config\Cache), false)
 4 FCPATH\index.php(79): CodeIgniter\CodeIgniter->run()
 5 SYSTEMPATH\Commands\Server\rewrite.php(47): require_once('D:\\server\\xampp\\htdocs\\wdpf55_ci\\codeigniter_p\\public\\index.php')
INFO - 2023-12-21 04:10:54 --> Session: Class initialized using 'CodeIgniter\Session\Handlers\FileHandler' driver.
INFO - 2023-12-21 04:10:54 --> Session: Class initialized using 'CodeIgniter\Session\Handlers\FileHandler' driver.
INFO - 2023-12-21 04:11:08 --> Session: Class initialized using 'CodeIgniter\Session\Handlers\FileHandler' driver.
INFO - 2023-12-21 04:11:08 --> Session: Class initialized using 'CodeIgniter\Session\Handlers\FileHandler' driver.
INFO - 2023-12-21 05:14:31 --> Session: Class initialized using 'CodeIgniter\Session\Handlers\FileHandler' driver.
INFO - 2023-12-21 05:27:41 --> Session: Class initialized using 'CodeIgniter\Session\Handlers\FileHandler' driver.
INFO - 2023-12-21 05:27:41 --> Session: Class initialized using 'CodeIgniter\Session\Handlers\FileHandler' driver.
INFO - 2023-12-21 06:19:20 --> Session: Class initialized using 'CodeIgniter\Session\Handlers\FileHandler' driver.
INFO - 2023-12-21 06:19:43 --> Session: Class initialized using 'CodeIgniter\Session\Handlers\FileHandler' driver.
INFO - 2023-12-21 06:19:43 --> Session: Class initialized using 'CodeIgniter\Session\Handlers\FileHandler' driver.
INFO - 2023-12-21 06:19:57 --> Session: Class initialized using 'CodeIgniter\Session\Handlers\FileHandler' driver.
INFO - 2023-12-21 06:19:57 --> Session: Class initialized using 'CodeIgniter\Session\Handlers\FileHandler' driver.
INFO - 2023-12-21 06:20:06 --> Session: Class initialized using 'CodeIgniter\Session\Handlers\FileHandler' driver.
INFO - 2023-12-21 06:20:30 --> Session: Class initialized using 'CodeIgniter\Session\Handlers\FileHandler' driver.
INFO - 2023-12-21 06:20:30 --> Session: Class initialized using 'CodeIgniter\Session\Handlers\FileHandler' driver.
INFO - 2023-12-21 06:21:00 --> Session: Class initialized using 'CodeIgniter\Session\Handlers\FileHandler' driver.
INFO - 2023-12-21 06:21:00 --> Session: Class initialized using 'CodeIgniter\Session\Handlers\FileHandler' driver.
INFO - 2023-12-21 06:22:07 --> Session: Class initialized using 'CodeIgniter\Session\Handlers\FileHandler' driver.
INFO - 2023-12-21 06:22:07 --> Session: Class initialized using 'CodeIgniter\Session\Handlers\FileHandler' driver.
INFO - 2023-12-21 06:22:17 --> Session: Class initialized using 'CodeIgniter\Session\Handlers\FileHandler' driver.
INFO - 2023-12-21 06:22:18 --> Session: Class initialized using 'CodeIgniter\Session\Handlers\FileHandler' driver.
INFO - 2023-12-21 06:22:27 --> Session: Class initialized using 'CodeIgniter\Session\Handlers\FileHandler' driver.
INFO - 2023-12-21 06:22:42 --> Session: Class initialized using 'CodeIgniter\Session\Handlers\FileHandler' driver.
INFO - 2023-12-21 06:22:57 --> Session: Class initialized using 'CodeIgniter\Session\Handlers\FileHandler' driver.
INFO - 2023-12-21 06:22:57 --> Session: Class initialized using 'CodeIgniter\Session\Handlers\FileHandler' driver.
INFO - 2023-12-21 06:23:03 --> Session: Class initialized using 'CodeIgniter\Session\Handlers\FileHandler' driver.
INFO - 2023-12-21 06:23:04 --> Session: Class initialized using 'CodeIgniter\Session\Handlers\FileHandler' driver.
INFO - 2023-12-21 06:23:07 --> Session: Class initialized using 'CodeIgniter\Session\Handlers\FileHandler' driver.
INFO - 2023-12-21 06:24:09 --> Session: Class initialized using 'CodeIgniter\Session\Handlers\FileHandler' driver.
INFO - 2023-12-21 06:29:55 --> Session: Class initialized using 'CodeIgniter\Session\Handlers\FileHandler' driver.
INFO - 2023-12-21 06:34:32 --> Session: Class initialized using 'CodeIgniter\Session\Handlers\FileHandler' driver.
INFO - 2023-12-21 06:34:32 --> Session: Class initialized using 'CodeIgniter\Session\Handlers\FileHandler' driver.
INFO - 2023-12-21 06:37:43 --> Session: Class initialized using 'CodeIgniter\Session\Handlers\FileHandler' driver.
INFO - 2023-12-21 06:38:31 --> Session: Class initialized using 'CodeIgniter\Session\Handlers\FileHandler' driver.
INFO - 2023-12-21 06:40:21 --> Session: Class initialized using 'CodeIgniter\Session\Handlers\FileHandler' driver.
INFO - 2023-12-21 06:41:02 --> Session: Class initialized using 'CodeIgniter\Session\Handlers\FileHandler' driver.
INFO - 2023-12-21 06:41:18 --> Session: Class initialized using 'CodeIgniter\Session\Handlers\FileHandler' driver.
INFO - 2023-12-21 06:41:18 --> Session: Class initialized using 'CodeIgniter\Session\Handlers\FileHandler' driver.
INFO - 2023-12-21 06:41:28 --> Session: Class initialized using 'CodeIgniter\Session\Handlers\FileHandler' driver.
INFO - 2023-12-21 06:41:28 --> Session: Class initialized using 'CodeIgniter\Session\Handlers\FileHandler' driver.
INFO - 2023-12-21 06:41:53 --> Session: Class initialized using 'CodeIgniter\Session\Handlers\FileHandler' driver.
INFO - 2023-12-21 06:41:53 --> Session: Class initialized using 'CodeIgniter\Session\Handlers\FileHandler' driver.
INFO - 2023-12-21 06:42:18 --> Session: Class initialized using 'CodeIgniter\Session\Handlers\FileHandler' driver.
INFO - 2023-12-21 06:56:16 --> Session: Class initialized using 'CodeIgniter\Session\Handlers\FileHandler' driver.
INFO - 2023-12-21 06:56:16 --> Session: Class initialized using 'CodeIgniter\Session\Handlers\FileHandler' driver.
INFO - 2023-12-21 06:59:47 --> Session: Class initialized using 'CodeIgniter\Session\Handlers\FileHandler' driver.
INFO - 2023-12-21 06:59:47 --> Session: Class initialized using 'CodeIgniter\Session\Handlers\FileHandler' driver.
INFO - 2023-12-21 07:01:48 --> Session: Class initialized using 'CodeIgniter\Session\Handlers\FileHandler' driver.
INFO - 2023-12-21 07:03:17 --> Session: Class initialized using 'CodeIgniter\Session\Handlers\FileHandler' driver.
INFO - 2023-12-21 07:03:17 --> Session: Class initialized using 'CodeIgniter\Session\Handlers\FileHandler' driver.
INFO - 2023-12-21 07:03:21 --> Session: Class initialized using 'CodeIgniter\Session\Handlers\FileHandler' driver.
INFO - 2023-12-21 07:03:22 --> Session: Class initialized using 'CodeIgniter\Session\Handlers\FileHandler' driver.
ERROR - 2023-12-21 09:02:16 --> mysqli_sql_exception: Table 'tourism_db.bookings' doesn't exist in D:\server\xampp\htdocs\wdpf55_ci\codeigniter_p\system\Database\MySQLi\Connection.php:306
Stack trace:
#0 D:\server\xampp\htdocs\wdpf55_ci\codeigniter_p\system\Database\MySQLi\Connection.php(306): mysqli->query('SELECT *\nFROM `...', 0)
#1 D:\server\xampp\htdocs\wdpf55_ci\codeigniter_p\system\Database\BaseConnection.php(693): CodeIgniter\Database\MySQLi\Connection->execute('SELECT *\nFROM `...')
#2 D:\server\xampp\htdocs\wdpf55_ci\codeigniter_p\system\Database\BaseConnection.php(607): CodeIgniter\Database\BaseConnection->simpleQuery('SELECT *\nFROM `...')
#3 D:\server\xampp\htdocs\wdpf55_ci\codeigniter_p\system\Database\BaseBuilder.php(1615): CodeIgniter\Database\BaseConnection->query('SELECT *\nFROM `...', Array, false)
#4 D:\server\xampp\htdocs\wdpf55_ci\codeigniter_p\system\Model.php(237): CodeIgniter\Database\BaseBuilder->get()
#5 D:\server\xampp\htdocs\wdpf55_ci\codeigniter_p\system\BaseModel.php(624): CodeIgniter\Model->doFindAll(0, 0)
#6 D:\server\xampp\htdocs\wdpf55_ci\codeigniter_p\app\Controllers\BookingController.php(18): CodeIgniter\BaseModel->findAll()
#7 D:\server\xampp\htdocs\wdpf55_ci\codeigniter_p\system\CodeIgniter.php(942): App\Controllers\BookingController->index()
#8 D:\server\xampp\htdocs\wdpf55_ci\codeigniter_p\system\CodeIgniter.php(502): CodeIgniter\CodeIgniter->runController(Object(App\Controllers\BookingController))
#9 D:\server\xampp\htdocs\wdpf55_ci\codeigniter_p\system\CodeIgniter.php(361): CodeIgniter\CodeIgniter->handleRequest(NULL, Object(Config\Cache), false)
#10 D:\server\xampp\htdocs\wdpf55_ci\codeigniter_p\public\index.php(79): CodeIgniter\CodeIgniter->run()
#11 D:\server\xampp\htdocs\wdpf55_ci\codeigniter_p\system\Commands\Server\rewrite.php(47): require_once('D:\\server\\xampp...')
#12 {main}
CRITICAL - 2023-12-21 09:02:16 --> Table 'tourism_db.bookings' doesn't exist
in SYSTEMPATH\Database\BaseConnection.php on line 647.
 1 SYSTEMPATH\Database\BaseBuilder.php(1615): CodeIgniter\Database\BaseConnection->query('SELECT *
FROM `bookings`', [], false)
 2 SYSTEMPATH\Model.php(237): CodeIgniter\Database\BaseBuilder->get()
 3 SYSTEMPATH\BaseModel.php(624): CodeIgniter\Model->doFindAll(0, 0)
 4 APPPATH\Controllers\BookingController.php(18): CodeIgniter\BaseModel->findAll()
 5 SYSTEMPATH\CodeIgniter.php(942): App\Controllers\BookingController->index()
 6 SYSTEMPATH\CodeIgniter.php(502): CodeIgniter\CodeIgniter->runController(Object(App\Controllers\BookingController))
 7 SYSTEMPATH\CodeIgniter.php(361): CodeIgniter\CodeIgniter->handleRequest(null, Object(Config\Cache), false)
 8 FCPATH\index.php(79): CodeIgniter\CodeIgniter->run()
 9 SYSTEMPATH\Commands\Server\rewrite.php(47): require_once('D:\\server\\xampp\\htdocs\\wdpf55_ci\\codeigniter_p\\public\\index.php')
CRITICAL - 2023-12-21 09:30:38 --> Undefined index: Package_id
in APPPATH\Views\booking\index.php on line 72.
 1 APPPATH\Views\booking\index.php(72): CodeIgniter\Debug\Exceptions->errorHandler(8, 'Undefined index: Package_id', 'D:\\server\\xampp\\htdocs\\wdpf55_ci\\codeigniter_p\\app\\Views\\booking\\index.php', 72, [...])
 2 SYSTEMPATH\View\View.php(228): include('D:\\server\\xampp\\htdocs\\wdpf55_ci\\codeigniter_p\\app\\Views\\booking\\index.php')
 3 SYSTEMPATH\View\View.php(231): CodeIgniter\View\View->CodeIgniter\View\{closure}()
 4 SYSTEMPATH\Common.php(1190): CodeIgniter\View\View->render('booking/index', [], true)
 5 APPPATH\Controllers\BookingController.php(19): view('booking/index', [...])
 6 SYSTEMPATH\CodeIgniter.php(942): App\Controllers\BookingController->index()
 7 SYSTEMPATH\CodeIgniter.php(502): CodeIgniter\CodeIgniter->runController(Object(App\Controllers\BookingController))
 8 SYSTEMPATH\CodeIgniter.php(361): CodeIgniter\CodeIgniter->handleRequest(null, Object(Config\Cache), false)
 9 FCPATH\index.php(79): CodeIgniter\CodeIgniter->run()
10 SYSTEMPATH\Commands\Server\rewrite.php(47): require_once('D:\\server\\xampp\\htdocs\\wdpf55_ci\\codeigniter_p\\public\\index.php')
INFO - 2023-12-21 09:50:15 --> Session: Class initialized using 'CodeIgniter\Session\Handlers\FileHandler' driver.
INFO - 2023-12-21 09:50:22 --> Session: Class initialized using 'CodeIgniter\Session\Handlers\FileHandler' driver.
INFO - 2023-12-21 09:56:00 --> Session: Class initialized using 'CodeIgniter\Session\Handlers\FileHandler' driver.
INFO - 2023-12-21 09:56:02 --> Session: Class initialized using 'CodeIgniter\Session\Handlers\FileHandler' driver.
INFO - 2023-12-21 09:56:03 --> Session: Class initialized using 'CodeIgniter\Session\Handlers\FileHandler' driver.
INFO - 2023-12-21 09:57:17 --> Session: Class initialized using 'CodeIgniter\Session\Handlers\FileHandler' driver.
INFO - 2023-12-21 10:20:22 --> Session: Class initialized using 'CodeIgniter\Session\Handlers\FileHandler' driver.
INFO - 2023-12-21 12:44:43 --> Session: Class initialized using 'CodeIgniter\Session\Handlers\FileHandler' driver.
