INFO - 2023-12-20 03:35:32 --> Session: Class initialized using 'CodeIgniter\Session\Handlers\FileHandler' driver.
INFO - 2023-12-20 03:45:46 --> Session: Class initialized using 'CodeIgniter\Session\Handlers\FileHandler' driver.
INFO - 2023-12-20 03:48:01 --> Session: Class initialized using 'CodeIgniter\Session\Handlers\FileHandler' driver.
CRITICAL - 2023-12-20 03:48:51 --> Undefined variable: item
in APPPATH\Views\blog\index.php on line 79.
 1 APPPATH\Views\blog\index.php(79): CodeIgniter\Debug\Exceptions->errorHandler(8, 'Undefined variable: item', 'D:\\server\\xampp\\htdocs\\wdpf55_ci\\codeigniter_p\\app\\Views\\blog\\index.php', 79, [])
 2 SYSTEMPATH\View\View.php(228): include('D:\\server\\xampp\\htdocs\\wdpf55_ci\\codeigniter_p\\app\\Views\\blog\\index.php')
 3 SYSTEMPATH\View\View.php(231): CodeIgniter\View\View->CodeIgniter\View\{closure}()
 4 SYSTEMPATH\Common.php(1190): CodeIgniter\View\View->render('blog/index', [], true)
 5 APPPATH\Controllers\BlogController.php(18): view('blog/index')
 6 SYSTEMPATH\CodeIgniter.php(942): App\Controllers\BlogController->index()
 7 SYSTEMPATH\CodeIgniter.php(502): CodeIgniter\CodeIgniter->runController(Object(App\Controllers\BlogController))
 8 SYSTEMPATH\CodeIgniter.php(361): CodeIgniter\CodeIgniter->handleRequest(null, Object(Config\Cache), false)
 9 FCPATH\index.php(79): CodeIgniter\CodeIgniter->run()
10 SYSTEMPATH\Commands\Server\rewrite.php(47): require_once('D:\\server\\xampp\\htdocs\\wdpf55_ci\\codeigniter_p\\public\\index.php')
INFO - 2023-12-20 03:49:09 --> Session: Class initialized using 'CodeIgniter\Session\Handlers\FileHandler' driver.
INFO - 2023-12-20 03:52:30 --> Session: Class initialized using 'CodeIgniter\Session\Handlers\FileHandler' driver.
INFO - 2023-12-20 03:52:52 --> Session: Class initialized using 'CodeIgniter\Session\Handlers\FileHandler' driver.
CRITICAL - 2023-12-20 03:57:12 --> Undefined variable: item
in APPPATH\Views\blog\index.php on line 79.
 1 APPPATH\Views\blog\index.php(79): CodeIgniter\Debug\Exceptions->errorHandler(8, 'Undefined variable: item', 'D:\\server\\xampp\\htdocs\\wdpf55_ci\\codeigniter_p\\app\\Views\\blog\\index.php', 79, [])
 2 SYSTEMPATH\View\View.php(228): include('D:\\server\\xampp\\htdocs\\wdpf55_ci\\codeigniter_p\\app\\Views\\blog\\index.php')
 3 SYSTEMPATH\View\View.php(231): CodeIgniter\View\View->CodeIgniter\View\{closure}()
 4 SYSTEMPATH\Common.php(1190): CodeIgniter\View\View->render('blog/index', [], true)
 5 APPPATH\Controllers\BlogController.php(18): view('blog/index')
 6 SYSTEMPATH\CodeIgniter.php(942): App\Controllers\BlogController->index()
 7 SYSTEMPATH\CodeIgniter.php(502): CodeIgniter\CodeIgniter->runController(Object(App\Controllers\BlogController))
 8 SYSTEMPATH\CodeIgniter.php(361): CodeIgniter\CodeIgniter->handleRequest(null, Object(Config\Cache), false)
 9 FCPATH\index.php(79): CodeIgniter\CodeIgniter->run()
10 SYSTEMPATH\Commands\Server\rewrite.php(47): require_once('D:\\server\\xampp\\htdocs\\wdpf55_ci\\codeigniter_p\\public\\index.php')
CRITICAL - 2023-12-20 04:05:10 --> Undefined variable: item
in APPPATH\Views\blog\index.php on line 79.
 1 APPPATH\Views\blog\index.php(79): CodeIgniter\Debug\Exceptions->errorHandler(8, 'Undefined variable: item', 'D:\\server\\xampp\\htdocs\\wdpf55_ci\\codeigniter_p\\app\\Views\\blog\\index.php', 79, [])
 2 SYSTEMPATH\View\View.php(228): include('D:\\server\\xampp\\htdocs\\wdpf55_ci\\codeigniter_p\\app\\Views\\blog\\index.php')
 3 SYSTEMPATH\View\View.php(231): CodeIgniter\View\View->CodeIgniter\View\{closure}()
 4 SYSTEMPATH\Common.php(1190): CodeIgniter\View\View->render('blog/index', [], true)
 5 APPPATH\Controllers\BlogController.php(18): view('blog/index')
 6 SYSTEMPATH\CodeIgniter.php(942): App\Controllers\BlogController->index()
 7 SYSTEMPATH\CodeIgniter.php(502): CodeIgniter\CodeIgniter->runController(Object(App\Controllers\BlogController))
 8 SYSTEMPATH\CodeIgniter.php(361): CodeIgniter\CodeIgniter->handleRequest(null, Object(Config\Cache), false)
 9 FCPATH\index.php(79): CodeIgniter\CodeIgniter->run()
10 SYSTEMPATH\Commands\Server\rewrite.php(47): require_once('D:\\server\\xampp\\htdocs\\wdpf55_ci\\codeigniter_p\\public\\index.php')
CRITICAL - 2023-12-20 04:05:15 --> Undefined variable: item
in APPPATH\Views\blog\index.php on line 79.
 1 APPPATH\Views\blog\index.php(79): CodeIgniter\Debug\Exceptions->errorHandler(8, 'Undefined variable: item', 'D:\\server\\xampp\\htdocs\\wdpf55_ci\\codeigniter_p\\app\\Views\\blog\\index.php', 79, [])
 2 SYSTEMPATH\View\View.php(228): include('D:\\server\\xampp\\htdocs\\wdpf55_ci\\codeigniter_p\\app\\Views\\blog\\index.php')
 3 SYSTEMPATH\View\View.php(231): CodeIgniter\View\View->CodeIgniter\View\{closure}()
 4 SYSTEMPATH\Common.php(1190): CodeIgniter\View\View->render('blog/index', [], true)
 5 APPPATH\Controllers\BlogController.php(18): view('blog/index')
 6 SYSTEMPATH\CodeIgniter.php(942): App\Controllers\BlogController->index()
 7 SYSTEMPATH\CodeIgniter.php(502): CodeIgniter\CodeIgniter->runController(Object(App\Controllers\BlogController))
 8 SYSTEMPATH\CodeIgniter.php(361): CodeIgniter\CodeIgniter->handleRequest(null, Object(Config\Cache), false)
 9 FCPATH\index.php(79): CodeIgniter\CodeIgniter->run()
10 SYSTEMPATH\Commands\Server\rewrite.php(47): require_once('D:\\server\\xampp\\htdocs\\wdpf55_ci\\codeigniter_p\\public\\index.php')
CRITICAL - 2023-12-20 04:12:32 --> Undefined variable: blog
in APPPATH\Views\blog\index.php on line 65.
 1 APPPATH\Views\blog\index.php(65): CodeIgniter\Debug\Exceptions->errorHandler(8, 'Undefined variable: blog', 'D:\\server\\xampp\\htdocs\\wdpf55_ci\\codeigniter_p\\app\\Views\\blog\\index.php', 65, [...])
 2 SYSTEMPATH\View\View.php(228): include('D:\\server\\xampp\\htdocs\\wdpf55_ci\\codeigniter_p\\app\\Views\\blog\\index.php')
 3 SYSTEMPATH\View\View.php(231): CodeIgniter\View\View->CodeIgniter\View\{closure}()
 4 SYSTEMPATH\Common.php(1190): CodeIgniter\View\View->render('blog/index', [], true)
 5 APPPATH\Controllers\BlogController.php(18): view('blog/index')
 6 SYSTEMPATH\CodeIgniter.php(942): App\Controllers\BlogController->index()
 7 SYSTEMPATH\CodeIgniter.php(502): CodeIgniter\CodeIgniter->runController(Object(App\Controllers\BlogController))
 8 SYSTEMPATH\CodeIgniter.php(361): CodeIgniter\CodeIgniter->handleRequest(null, Object(Config\Cache), false)
 9 FCPATH\index.php(79): CodeIgniter\CodeIgniter->run()
10 SYSTEMPATH\Commands\Server\rewrite.php(47): require_once('D:\\server\\xampp\\htdocs\\wdpf55_ci\\codeigniter_p\\public\\index.php')
CRITICAL - 2023-12-20 04:15:09 --> Undefined variable: blogs
in APPPATH\Views\blog\index.php on line 65.
 1 APPPATH\Views\blog\index.php(65): CodeIgniter\Debug\Exceptions->errorHandler(8, 'Undefined variable: blogs', 'D:\\server\\xampp\\htdocs\\wdpf55_ci\\codeigniter_p\\app\\Views\\blog\\index.php', 65, [...])
 2 SYSTEMPATH\View\View.php(228): include('D:\\server\\xampp\\htdocs\\wdpf55_ci\\codeigniter_p\\app\\Views\\blog\\index.php')
 3 SYSTEMPATH\View\View.php(231): CodeIgniter\View\View->CodeIgniter\View\{closure}()
 4 SYSTEMPATH\Common.php(1190): CodeIgniter\View\View->render('blog/index', [], true)
 5 APPPATH\Controllers\BlogController.php(19): view('blog/index')
 6 SYSTEMPATH\CodeIgniter.php(942): App\Controllers\BlogController->index()
 7 SYSTEMPATH\CodeIgniter.php(502): CodeIgniter\CodeIgniter->runController(Object(App\Controllers\BlogController))
 8 SYSTEMPATH\CodeIgniter.php(361): CodeIgniter\CodeIgniter->handleRequest(null, Object(Config\Cache), false)
 9 FCPATH\index.php(79): CodeIgniter\CodeIgniter->run()
10 SYSTEMPATH\Commands\Server\rewrite.php(47): require_once('D:\\server\\xampp\\htdocs\\wdpf55_ci\\codeigniter_p\\public\\index.php')
CRITICAL - 2023-12-20 04:15:10 --> Undefined variable: blogs
in APPPATH\Views\blog\index.php on line 65.
 1 APPPATH\Views\blog\index.php(65): CodeIgniter\Debug\Exceptions->errorHandler(8, 'Undefined variable: blogs', 'D:\\server\\xampp\\htdocs\\wdpf55_ci\\codeigniter_p\\app\\Views\\blog\\index.php', 65, [...])
 2 SYSTEMPATH\View\View.php(228): include('D:\\server\\xampp\\htdocs\\wdpf55_ci\\codeigniter_p\\app\\Views\\blog\\index.php')
 3 SYSTEMPATH\View\View.php(231): CodeIgniter\View\View->CodeIgniter\View\{closure}()
 4 SYSTEMPATH\Common.php(1190): CodeIgniter\View\View->render('blog/index', [], true)
 5 APPPATH\Controllers\BlogController.php(19): view('blog/index')
 6 SYSTEMPATH\CodeIgniter.php(942): App\Controllers\BlogController->index()
 7 SYSTEMPATH\CodeIgniter.php(502): CodeIgniter\CodeIgniter->runController(Object(App\Controllers\BlogController))
 8 SYSTEMPATH\CodeIgniter.php(361): CodeIgniter\CodeIgniter->handleRequest(null, Object(Config\Cache), false)
 9 FCPATH\index.php(79): CodeIgniter\CodeIgniter->run()
10 SYSTEMPATH\Commands\Server\rewrite.php(47): require_once('D:\\server\\xampp\\htdocs\\wdpf55_ci\\codeigniter_p\\public\\index.php')
CRITICAL - 2023-12-20 04:15:19 --> Undefined variable: blogs
in APPPATH\Views\blog\index.php on line 65.
 1 APPPATH\Views\blog\index.php(65): CodeIgniter\Debug\Exceptions->errorHandler(8, 'Undefined variable: blogs', 'D:\\server\\xampp\\htdocs\\wdpf55_ci\\codeigniter_p\\app\\Views\\blog\\index.php', 65, [...])
 2 SYSTEMPATH\View\View.php(228): include('D:\\server\\xampp\\htdocs\\wdpf55_ci\\codeigniter_p\\app\\Views\\blog\\index.php')
 3 SYSTEMPATH\View\View.php(231): CodeIgniter\View\View->CodeIgniter\View\{closure}()
 4 SYSTEMPATH\Common.php(1190): CodeIgniter\View\View->render('blog/index', [], true)
 5 APPPATH\Controllers\BlogController.php(19): view('blog/index')
 6 SYSTEMPATH\CodeIgniter.php(942): App\Controllers\BlogController->index()
 7 SYSTEMPATH\CodeIgniter.php(502): CodeIgniter\CodeIgniter->runController(Object(App\Controllers\BlogController))
 8 SYSTEMPATH\CodeIgniter.php(361): CodeIgniter\CodeIgniter->handleRequest(null, Object(Config\Cache), false)
 9 FCPATH\index.php(79): CodeIgniter\CodeIgniter->run()
10 SYSTEMPATH\Commands\Server\rewrite.php(47): require_once('D:\\server\\xampp\\htdocs\\wdpf55_ci\\codeigniter_p\\public\\index.php')
INFO - 2023-12-20 04:26:15 --> Session: Class initialized using 'CodeIgniter\Session\Handlers\FileHandler' driver.
CRITICAL - 2023-12-20 04:52:24 --> Undefined variable: inquiry
in APPPATH\Views\testimonials\index.php on line 69.
 1 APPPATH\Views\testimonials\index.php(69): CodeIgniter\Debug\Exceptions->errorHandler(8, 'Undefined variable: inquiry', 'D:\\server\\xampp\\htdocs\\wdpf55_ci\\codeigniter_p\\app\\Views\\testimonials\\index.php', 69, [...])
 2 SYSTEMPATH\View\View.php(228): include('D:\\server\\xampp\\htdocs\\wdpf55_ci\\codeigniter_p\\app\\Views\\testimonials\\index.php')
 3 SYSTEMPATH\View\View.php(231): CodeIgniter\View\View->CodeIgniter\View\{closure}()
 4 SYSTEMPATH\Common.php(1190): CodeIgniter\View\View->render('testimonials/index', [], true)
 5 APPPATH\Controllers\TestimonialController.php(11): view('testimonials/index')
 6 SYSTEMPATH\CodeIgniter.php(942): App\Controllers\TestimonialController->index()
 7 SYSTEMPATH\CodeIgniter.php(502): CodeIgniter\CodeIgniter->runController(Object(App\Controllers\TestimonialController))
 8 SYSTEMPATH\CodeIgniter.php(361): CodeIgniter\CodeIgniter->handleRequest(null, Object(Config\Cache), false)
 9 FCPATH\index.php(79): CodeIgniter\CodeIgniter->run()
10 SYSTEMPATH\Commands\Server\rewrite.php(47): require_once('D:\\server\\xampp\\htdocs\\wdpf55_ci\\codeigniter_p\\public\\index.php')
INFO - 2023-12-20 05:52:46 --> Session: Class initialized using 'CodeIgniter\Session\Handlers\FileHandler' driver.
INFO - 2023-12-20 05:52:50 --> Session: Class initialized using 'CodeIgniter\Session\Handlers\FileHandler' driver.
INFO - 2023-12-20 05:52:50 --> Session: Class initialized using 'CodeIgniter\Session\Handlers\FileHandler' driver.
INFO - 2023-12-20 05:53:07 --> Session: Class initialized using 'CodeIgniter\Session\Handlers\FileHandler' driver.
INFO - 2023-12-20 05:53:12 --> Session: Class initialized using 'CodeIgniter\Session\Handlers\FileHandler' driver.
INFO - 2023-12-20 05:53:12 --> Session: Class initialized using 'CodeIgniter\Session\Handlers\FileHandler' driver.
INFO - 2023-12-20 05:53:59 --> Session: Class initialized using 'CodeIgniter\Session\Handlers\FileHandler' driver.
INFO - 2023-12-20 05:54:05 --> Session: Class initialized using 'CodeIgniter\Session\Handlers\FileHandler' driver.
INFO - 2023-12-20 05:54:17 --> Session: Class initialized using 'CodeIgniter\Session\Handlers\FileHandler' driver.
INFO - 2023-12-20 05:55:11 --> Session: Class initialized using 'CodeIgniter\Session\Handlers\FileHandler' driver.
INFO - 2023-12-20 05:55:13 --> Session: Class initialized using 'CodeIgniter\Session\Handlers\FileHandler' driver.
INFO - 2023-12-20 05:55:16 --> Session: Class initialized using 'CodeIgniter\Session\Handlers\FileHandler' driver.
INFO - 2023-12-20 05:55:16 --> Session: Class initialized using 'CodeIgniter\Session\Handlers\FileHandler' driver.
INFO - 2023-12-20 05:55:59 --> Session: Class initialized using 'CodeIgniter\Session\Handlers\FileHandler' driver.
INFO - 2023-12-20 05:56:04 --> Session: Class initialized using 'CodeIgniter\Session\Handlers\FileHandler' driver.
INFO - 2023-12-20 05:56:04 --> Session: Class initialized using 'CodeIgniter\Session\Handlers\FileHandler' driver.
INFO - 2023-12-20 05:56:10 --> Session: Class initialized using 'CodeIgniter\Session\Handlers\FileHandler' driver.
INFO - 2023-12-20 05:56:14 --> Session: Class initialized using 'CodeIgniter\Session\Handlers\FileHandler' driver.
INFO - 2023-12-20 05:56:14 --> Session: Class initialized using 'CodeIgniter\Session\Handlers\FileHandler' driver.
INFO - 2023-12-20 05:59:12 --> Session: Class initialized using 'CodeIgniter\Session\Handlers\FileHandler' driver.
INFO - 2023-12-20 06:00:56 --> Session: Class initialized using 'CodeIgniter\Session\Handlers\FileHandler' driver.
INFO - 2023-12-20 06:05:58 --> Session: Class initialized using 'CodeIgniter\Session\Handlers\FileHandler' driver.
INFO - 2023-12-20 06:06:03 --> Session: Class initialized using 'CodeIgniter\Session\Handlers\FileHandler' driver.
INFO - 2023-12-20 06:07:42 --> Session: Class initialized using 'CodeIgniter\Session\Handlers\FileHandler' driver.
INFO - 2023-12-20 06:07:47 --> Session: Class initialized using 'CodeIgniter\Session\Handlers\FileHandler' driver.
INFO - 2023-12-20 06:07:47 --> Session: Class initialized using 'CodeIgniter\Session\Handlers\FileHandler' driver.
INFO - 2023-12-20 06:08:19 --> Session: Class initialized using 'CodeIgniter\Session\Handlers\FileHandler' driver.
INFO - 2023-12-20 06:08:22 --> Session: Class initialized using 'CodeIgniter\Session\Handlers\FileHandler' driver.
INFO - 2023-12-20 06:08:22 --> Session: Class initialized using 'CodeIgniter\Session\Handlers\FileHandler' driver.
INFO - 2023-12-20 06:14:25 --> Session: Class initialized using 'CodeIgniter\Session\Handlers\FileHandler' driver.
INFO - 2023-12-20 06:14:57 --> Session: Class initialized using 'CodeIgniter\Session\Handlers\FileHandler' driver.
INFO - 2023-12-20 06:15:48 --> Session: Class initialized using 'CodeIgniter\Session\Handlers\FileHandler' driver.
INFO - 2023-12-20 06:15:57 --> Session: Class initialized using 'CodeIgniter\Session\Handlers\FileHandler' driver.
INFO - 2023-12-20 06:15:57 --> Session: Class initialized using 'CodeIgniter\Session\Handlers\FileHandler' driver.
INFO - 2023-12-20 06:16:19 --> Session: Class initialized using 'CodeIgniter\Session\Handlers\FileHandler' driver.
INFO - 2023-12-20 06:17:03 --> Session: Class initialized using 'CodeIgniter\Session\Handlers\FileHandler' driver.
INFO - 2023-12-20 06:17:05 --> Session: Class initialized using 'CodeIgniter\Session\Handlers\FileHandler' driver.
INFO - 2023-12-20 06:17:05 --> Session: Class initialized using 'CodeIgniter\Session\Handlers\FileHandler' driver.
INFO - 2023-12-20 06:17:24 --> Session: Class initialized using 'CodeIgniter\Session\Handlers\FileHandler' driver.
INFO - 2023-12-20 06:17:45 --> Session: Class initialized using 'CodeIgniter\Session\Handlers\FileHandler' driver.
INFO - 2023-12-20 06:18:21 --> Session: Class initialized using 'CodeIgniter\Session\Handlers\FileHandler' driver.
INFO - 2023-12-20 06:18:24 --> Session: Class initialized using 'CodeIgniter\Session\Handlers\FileHandler' driver.
INFO - 2023-12-20 06:18:24 --> Session: Class initialized using 'CodeIgniter\Session\Handlers\FileHandler' driver.
INFO - 2023-12-20 06:18:40 --> Session: Class initialized using 'CodeIgniter\Session\Handlers\FileHandler' driver.
INFO - 2023-12-20 06:19:34 --> Session: Class initialized using 'CodeIgniter\Session\Handlers\FileHandler' driver.
INFO - 2023-12-20 06:19:36 --> Session: Class initialized using 'CodeIgniter\Session\Handlers\FileHandler' driver.
INFO - 2023-12-20 06:19:36 --> Session: Class initialized using 'CodeIgniter\Session\Handlers\FileHandler' driver.
INFO - 2023-12-20 06:19:51 --> Session: Class initialized using 'CodeIgniter\Session\Handlers\FileHandler' driver.
INFO - 2023-12-20 06:21:21 --> Session: Class initialized using 'CodeIgniter\Session\Handlers\FileHandler' driver.
INFO - 2023-12-20 06:21:48 --> Session: Class initialized using 'CodeIgniter\Session\Handlers\FileHandler' driver.
INFO - 2023-12-20 06:21:52 --> Session: Class initialized using 'CodeIgniter\Session\Handlers\FileHandler' driver.
INFO - 2023-12-20 06:21:52 --> Session: Class initialized using 'CodeIgniter\Session\Handlers\FileHandler' driver.
INFO - 2023-12-20 06:29:27 --> Session: Class initialized using 'CodeIgniter\Session\Handlers\FileHandler' driver.
INFO - 2023-12-20 06:29:31 --> Session: Class initialized using 'CodeIgniter\Session\Handlers\FileHandler' driver.
INFO - 2023-12-20 06:30:00 --> Session: Class initialized using 'CodeIgniter\Session\Handlers\FileHandler' driver.
INFO - 2023-12-20 06:30:06 --> Session: Class initialized using 'CodeIgniter\Session\Handlers\FileHandler' driver.
INFO - 2023-12-20 06:30:06 --> Session: Class initialized using 'CodeIgniter\Session\Handlers\FileHandler' driver.
INFO - 2023-12-20 06:33:18 --> Session: Class initialized using 'CodeIgniter\Session\Handlers\FileHandler' driver.
INFO - 2023-12-20 06:33:22 --> Session: Class initialized using 'CodeIgniter\Session\Handlers\FileHandler' driver.
INFO - 2023-12-20 06:33:44 --> Session: Class initialized using 'CodeIgniter\Session\Handlers\FileHandler' driver.
INFO - 2023-12-20 06:33:49 --> Session: Class initialized using 'CodeIgniter\Session\Handlers\FileHandler' driver.
INFO - 2023-12-20 06:33:49 --> Session: Class initialized using 'CodeIgniter\Session\Handlers\FileHandler' driver.
INFO - 2023-12-20 06:34:54 --> Session: Class initialized using 'CodeIgniter\Session\Handlers\FileHandler' driver.
INFO - 2023-12-20 06:35:17 --> Session: Class initialized using 'CodeIgniter\Session\Handlers\FileHandler' driver.
INFO - 2023-12-20 06:35:40 --> Session: Class initialized using 'CodeIgniter\Session\Handlers\FileHandler' driver.
INFO - 2023-12-20 06:35:45 --> Session: Class initialized using 'CodeIgniter\Session\Handlers\FileHandler' driver.
INFO - 2023-12-20 06:35:45 --> Session: Class initialized using 'CodeIgniter\Session\Handlers\FileHandler' driver.
INFO - 2023-12-20 06:35:52 --> Session: Class initialized using 'CodeIgniter\Session\Handlers\FileHandler' driver.
INFO - 2023-12-20 06:35:52 --> Session: Class initialized using 'CodeIgniter\Session\Handlers\FileHandler' driver.
INFO - 2023-12-20 06:37:02 --> Session: Class initialized using 'CodeIgniter\Session\Handlers\FileHandler' driver.
INFO - 2023-12-20 06:37:02 --> Session: Class initialized using 'CodeIgniter\Session\Handlers\FileHandler' driver.
INFO - 2023-12-20 06:37:14 --> Session: Class initialized using 'CodeIgniter\Session\Handlers\FileHandler' driver.
INFO - 2023-12-20 06:37:50 --> Session: Class initialized using 'CodeIgniter\Session\Handlers\FileHandler' driver.
INFO - 2023-12-20 06:37:54 --> Session: Class initialized using 'CodeIgniter\Session\Handlers\FileHandler' driver.
INFO - 2023-12-20 06:37:54 --> Session: Class initialized using 'CodeIgniter\Session\Handlers\FileHandler' driver.
INFO - 2023-12-20 06:38:05 --> Session: Class initialized using 'CodeIgniter\Session\Handlers\FileHandler' driver.
