ERROR - 2023-12-23 03:26:29 --> Error connecting to the database: mysqli_sql_exception: No connection could be made because the target machine actively refused it.
 in D:\server\xampp\htdocs\wdpf55_ci\codeigniter_p\system\Database\MySQLi\Connection.php:185
Stack trace:
#0 D:\server\xampp\htdocs\wdpf55_ci\codeigniter_p\system\Database\MySQLi\Connection.php(185): mysqli->real_connect('localhost', 'root', '', 'tourism_db', 3306, '', 0)
#1 D:\server\xampp\htdocs\wdpf55_ci\codeigniter_p\system\Database\BaseConnection.php(392): CodeIgniter\Database\MySQLi\Connection->connect(false)
#2 D:\server\xampp\htdocs\wdpf55_ci\codeigniter_p\system\Database\BaseConnection.php(575): CodeIgniter\Database\BaseConnection->initialize()
#3 D:\server\xampp\htdocs\wdpf55_ci\codeigniter_p\system\Database\BaseBuilder.php(1615): CodeIgniter\Database\BaseConnection->query('SELECT *\nFROM `...', Array, false)
#4 D:\server\xampp\htdocs\wdpf55_ci\codeigniter_p\system\Model.php(237): CodeIgniter\Database\BaseBuilder->get()
#5 D:\server\xampp\htdocs\wdpf55_ci\codeigniter_p\system\BaseModel.php(624): CodeIgniter\Model->doFindAll(0, 0)
#6 D:\server\xampp\htdocs\wdpf55_ci\codeigniter_p\app\Controllers\PackageController.php(16): CodeIgniter\BaseModel->findAll()
#7 D:\server\xampp\htdocs\wdpf55_ci\codeigniter_p\system\CodeIgniter.php(942): App\Controllers\PackageController->index()
#8 D:\server\xampp\htdocs\wdpf55_ci\codeigniter_p\system\CodeIgniter.php(502): CodeIgniter\CodeIgniter->runController(Object(App\Controllers\PackageController))
#9 D:\server\xampp\htdocs\wdpf55_ci\codeigniter_p\system\CodeIgniter.php(361): CodeIgniter\CodeIgniter->handleRequest(NULL, Object(Config\Cache), false)
#10 D:\server\xampp\htdocs\wdpf55_ci\codeigniter_p\public\index.php(79): CodeIgniter\CodeIgniter->run()
#11 D:\server\xampp\htdocs\wdpf55_ci\codeigniter_p\system\Commands\Server\rewrite.php(47): require_once('D:\\server\\xampp...')
#12 {main}

Next CodeIgniter\Database\Exceptions\DatabaseException: No connection could be made because the target machine actively refused it.
 in D:\server\xampp\htdocs\wdpf55_ci\codeigniter_p\system\Database\MySQLi\Connection.php:229
Stack trace:
#0 D:\server\xampp\htdocs\wdpf55_ci\codeigniter_p\system\Database\BaseConnection.php(392): CodeIgniter\Database\MySQLi\Connection->connect(false)
#1 D:\server\xampp\htdocs\wdpf55_ci\codeigniter_p\system\Database\BaseConnection.php(575): CodeIgniter\Database\BaseConnection->initialize()
#2 D:\server\xampp\htdocs\wdpf55_ci\codeigniter_p\system\Database\BaseBuilder.php(1615): CodeIgniter\Database\BaseConnection->query('SELECT *\nFROM `...', Array, false)
#3 D:\server\xampp\htdocs\wdpf55_ci\codeigniter_p\system\Model.php(237): CodeIgniter\Database\BaseBuilder->get()
#4 D:\server\xampp\htdocs\wdpf55_ci\codeigniter_p\system\BaseModel.php(624): CodeIgniter\Model->doFindAll(0, 0)
#5 D:\server\xampp\htdocs\wdpf55_ci\codeigniter_p\app\Controllers\PackageController.php(16): CodeIgniter\BaseModel->findAll()
#6 D:\server\xampp\htdocs\wdpf55_ci\codeigniter_p\system\CodeIgniter.php(942): App\Controllers\PackageController->index()
#7 D:\server\xampp\htdocs\wdpf55_ci\codeigniter_p\system\CodeIgniter.php(502): CodeIgniter\CodeIgniter->runController(Object(App\Controllers\PackageController))
#8 D:\server\xampp\htdocs\wdpf55_ci\codeigniter_p\system\CodeIgniter.php(361): CodeIgniter\CodeIgniter->handleRequest(NULL, Object(Config\Cache), false)
#9 D:\server\xampp\htdocs\wdpf55_ci\codeigniter_p\public\index.php(79): CodeIgniter\CodeIgniter->run()
#10 D:\server\xampp\htdocs\wdpf55_ci\codeigniter_p\system\Commands\Server\rewrite.php(47): require_once('D:\\server\\xampp...')
#11 {main}
CRITICAL - 2023-12-23 03:26:29 --> Unable to connect to the database.
Main connection [MySQLi]: No connection could be made because the target machine actively refused it.

in SYSTEMPATH\Database\BaseConnection.php on line 428.
 1 SYSTEMPATH\Database\BaseConnection.php(575): CodeIgniter\Database\BaseConnection->initialize()
 2 SYSTEMPATH\Database\BaseBuilder.php(1615): CodeIgniter\Database\BaseConnection->query('SELECT *
FROM `packages`', [], false)
 3 SYSTEMPATH\Model.php(237): CodeIgniter\Database\BaseBuilder->get()
 4 SYSTEMPATH\BaseModel.php(624): CodeIgniter\Model->doFindAll(0, 0)
 5 APPPATH\Controllers\PackageController.php(16): CodeIgniter\BaseModel->findAll()
 6 SYSTEMPATH\CodeIgniter.php(942): App\Controllers\PackageController->index()
 7 SYSTEMPATH\CodeIgniter.php(502): CodeIgniter\CodeIgniter->runController(Object(App\Controllers\PackageController))
 8 SYSTEMPATH\CodeIgniter.php(361): CodeIgniter\CodeIgniter->handleRequest(null, Object(Config\Cache), false)
 9 FCPATH\index.php(79): CodeIgniter\CodeIgniter->run()
10 SYSTEMPATH\Commands\Server\rewrite.php(47): require_once('D:\\server\\xampp\\htdocs\\wdpf55_ci\\codeigniter_p\\public\\index.php')
INFO - 2023-12-23 03:26:47 --> Session: Class initialized using 'CodeIgniter\Session\Handlers\FileHandler' driver.
INFO - 2023-12-23 03:27:06 --> Session: Class initialized using 'CodeIgniter\Session\Handlers\FileHandler' driver.
INFO - 2023-12-23 03:27:29 --> Session: Class initialized using 'CodeIgniter\Session\Handlers\FileHandler' driver.
INFO - 2023-12-23 03:27:40 --> Session: Class initialized using 'CodeIgniter\Session\Handlers\FileHandler' driver.
INFO - 2023-12-23 03:27:49 --> Session: Class initialized using 'CodeIgniter\Session\Handlers\FileHandler' driver.
INFO - 2023-12-23 03:27:54 --> Session: Class initialized using 'CodeIgniter\Session\Handlers\FileHandler' driver.
INFO - 2023-12-23 03:28:11 --> Session: Class initialized using 'CodeIgniter\Session\Handlers\FileHandler' driver.
INFO - 2023-12-23 03:28:29 --> Session: Class initialized using 'CodeIgniter\Session\Handlers\FileHandler' driver.
INFO - 2023-12-23 03:29:28 --> Session: Class initialized using 'CodeIgniter\Session\Handlers\FileHandler' driver.
INFO - 2023-12-23 04:13:14 --> Session: Class initialized using 'CodeIgniter\Session\Handlers\FileHandler' driver.
INFO - 2023-12-23 04:14:06 --> Session: Class initialized using 'CodeIgniter\Session\Handlers\FileHandler' driver.
INFO - 2023-12-23 04:14:10 --> Session: Class initialized using 'CodeIgniter\Session\Handlers\FileHandler' driver.
INFO - 2023-12-23 04:14:11 --> Session: Class initialized using 'CodeIgniter\Session\Handlers\FileHandler' driver.
INFO - 2023-12-23 04:14:18 --> Session: Class initialized using 'CodeIgniter\Session\Handlers\FileHandler' driver.
INFO - 2023-12-23 04:14:18 --> Session: Class initialized using 'CodeIgniter\Session\Handlers\FileHandler' driver.
INFO - 2023-12-23 04:15:31 --> Session: Class initialized using 'CodeIgniter\Session\Handlers\FileHandler' driver.
INFO - 2023-12-23 04:15:35 --> Session: Class initialized using 'CodeIgniter\Session\Handlers\FileHandler' driver.
INFO - 2023-12-23 04:15:35 --> Session: Class initialized using 'CodeIgniter\Session\Handlers\FileHandler' driver.
INFO - 2023-12-23 04:15:42 --> Session: Class initialized using 'CodeIgniter\Session\Handlers\FileHandler' driver.
INFO - 2023-12-23 04:15:42 --> Session: Class initialized using 'CodeIgniter\Session\Handlers\FileHandler' driver.
INFO - 2023-12-23 04:17:40 --> Session: Class initialized using 'CodeIgniter\Session\Handlers\FileHandler' driver.
INFO - 2023-12-23 04:17:45 --> Session: Class initialized using 'CodeIgniter\Session\Handlers\FileHandler' driver.
INFO - 2023-12-23 04:17:45 --> Session: Class initialized using 'CodeIgniter\Session\Handlers\FileHandler' driver.
INFO - 2023-12-23 04:19:19 --> Session: Class initialized using 'CodeIgniter\Session\Handlers\FileHandler' driver.
INFO - 2023-12-23 04:19:25 --> Session: Class initialized using 'CodeIgniter\Session\Handlers\FileHandler' driver.
INFO - 2023-12-23 04:19:25 --> Session: Class initialized using 'CodeIgniter\Session\Handlers\FileHandler' driver.
INFO - 2023-12-23 04:19:35 --> Session: Class initialized using 'CodeIgniter\Session\Handlers\FileHandler' driver.
INFO - 2023-12-23 04:20:28 --> Session: Class initialized using 'CodeIgniter\Session\Handlers\FileHandler' driver.
INFO - 2023-12-23 04:20:33 --> Session: Class initialized using 'CodeIgniter\Session\Handlers\FileHandler' driver.
INFO - 2023-12-23 04:20:36 --> Session: Class initialized using 'CodeIgniter\Session\Handlers\FileHandler' driver.
INFO - 2023-12-23 04:20:46 --> Session: Class initialized using 'CodeIgniter\Session\Handlers\FileHandler' driver.
INFO - 2023-12-23 04:20:46 --> Session: Class initialized using 'CodeIgniter\Session\Handlers\FileHandler' driver.
INFO - 2023-12-23 04:29:09 --> Session: Class initialized using 'CodeIgniter\Session\Handlers\FileHandler' driver.
INFO - 2023-12-23 04:29:19 --> Session: Class initialized using 'CodeIgniter\Session\Handlers\FileHandler' driver.
INFO - 2023-12-23 04:29:19 --> Session: Class initialized using 'CodeIgniter\Session\Handlers\FileHandler' driver.
INFO - 2023-12-23 04:29:35 --> Session: Class initialized using 'CodeIgniter\Session\Handlers\FileHandler' driver.
INFO - 2023-12-23 04:29:35 --> Session: Class initialized using 'CodeIgniter\Session\Handlers\FileHandler' driver.
INFO - 2023-12-23 04:30:09 --> Session: Class initialized using 'CodeIgniter\Session\Handlers\FileHandler' driver.
INFO - 2023-12-23 04:30:56 --> Session: Class initialized using 'CodeIgniter\Session\Handlers\FileHandler' driver.
INFO - 2023-12-23 04:30:56 --> Session: Class initialized using 'CodeIgniter\Session\Handlers\FileHandler' driver.
INFO - 2023-12-23 04:31:00 --> Session: Class initialized using 'CodeIgniter\Session\Handlers\FileHandler' driver.
INFO - 2023-12-23 04:31:00 --> Session: Class initialized using 'CodeIgniter\Session\Handlers\FileHandler' driver.
INFO - 2023-12-23 04:45:41 --> Session: Class initialized using 'CodeIgniter\Session\Handlers\FileHandler' driver.
INFO - 2023-12-23 04:45:41 --> Session: Class initialized using 'CodeIgniter\Session\Handlers\FileHandler' driver.
INFO - 2023-12-23 04:49:08 --> Session: Class initialized using 'CodeIgniter\Session\Handlers\FileHandler' driver.
INFO - 2023-12-23 04:49:12 --> Session: Class initialized using 'CodeIgniter\Session\Handlers\FileHandler' driver.
INFO - 2023-12-23 04:49:12 --> Session: Class initialized using 'CodeIgniter\Session\Handlers\FileHandler' driver.
INFO - 2023-12-23 04:52:07 --> Session: Class initialized using 'CodeIgniter\Session\Handlers\FileHandler' driver.
INFO - 2023-12-23 04:52:12 --> Session: Class initialized using 'CodeIgniter\Session\Handlers\FileHandler' driver.
INFO - 2023-12-23 04:52:12 --> Session: Class initialized using 'CodeIgniter\Session\Handlers\FileHandler' driver.
INFO - 2023-12-23 04:52:20 --> Session: Class initialized using 'CodeIgniter\Session\Handlers\FileHandler' driver.
INFO - 2023-12-23 04:52:20 --> Session: Class initialized using 'CodeIgniter\Session\Handlers\FileHandler' driver.
INFO - 2023-12-23 04:52:26 --> Session: Class initialized using 'CodeIgniter\Session\Handlers\FileHandler' driver.
INFO - 2023-12-23 04:52:26 --> Session: Class initialized using 'CodeIgniter\Session\Handlers\FileHandler' driver.
INFO - 2023-12-23 04:52:52 --> Session: Class initialized using 'CodeIgniter\Session\Handlers\FileHandler' driver.
INFO - 2023-12-23 04:52:52 --> Session: Class initialized using 'CodeIgniter\Session\Handlers\FileHandler' driver.
INFO - 2023-12-23 05:00:48 --> Session: Class initialized using 'CodeIgniter\Session\Handlers\FileHandler' driver.
INFO - 2023-12-23 05:00:59 --> Session: Class initialized using 'CodeIgniter\Session\Handlers\FileHandler' driver.
INFO - 2023-12-23 05:01:24 --> Session: Class initialized using 'CodeIgniter\Session\Handlers\FileHandler' driver.
INFO - 2023-12-23 05:01:25 --> Session: Class initialized using 'CodeIgniter\Session\Handlers\FileHandler' driver.
INFO - 2023-12-23 05:01:30 --> Session: Class initialized using 'CodeIgniter\Session\Handlers\FileHandler' driver.
INFO - 2023-12-23 05:04:09 --> Session: Class initialized using 'CodeIgniter\Session\Handlers\FileHandler' driver.
INFO - 2023-12-23 05:04:15 --> Session: Class initialized using 'CodeIgniter\Session\Handlers\FileHandler' driver.
INFO - 2023-12-23 05:06:20 --> Session: Class initialized using 'CodeIgniter\Session\Handlers\FileHandler' driver.
INFO - 2023-12-23 05:06:26 --> Session: Class initialized using 'CodeIgniter\Session\Handlers\FileHandler' driver.
INFO - 2023-12-23 05:06:29 --> Session: Class initialized using 'CodeIgniter\Session\Handlers\FileHandler' driver.
INFO - 2023-12-23 05:09:25 --> Session: Class initialized using 'CodeIgniter\Session\Handlers\FileHandler' driver.
INFO - 2023-12-23 05:09:26 --> Session: Class initialized using 'CodeIgniter\Session\Handlers\FileHandler' driver.
INFO - 2023-12-23 05:09:31 --> Session: Class initialized using 'CodeIgniter\Session\Handlers\FileHandler' driver.
INFO - 2023-12-23 05:09:33 --> Session: Class initialized using 'CodeIgniter\Session\Handlers\FileHandler' driver.
INFO - 2023-12-23 05:09:37 --> Session: Class initialized using 'CodeIgniter\Session\Handlers\FileHandler' driver.
INFO - 2023-12-23 05:09:39 --> Session: Class initialized using 'CodeIgniter\Session\Handlers\FileHandler' driver.
INFO - 2023-12-23 05:10:21 --> Session: Class initialized using 'CodeIgniter\Session\Handlers\FileHandler' driver.
INFO - 2023-12-23 05:10:26 --> Session: Class initialized using 'CodeIgniter\Session\Handlers\FileHandler' driver.
INFO - 2023-12-23 05:10:43 --> Session: Class initialized using 'CodeIgniter\Session\Handlers\FileHandler' driver.
INFO - 2023-12-23 05:10:48 --> Session: Class initialized using 'CodeIgniter\Session\Handlers\FileHandler' driver.
INFO - 2023-12-23 05:10:53 --> Session: Class initialized using 'CodeIgniter\Session\Handlers\FileHandler' driver.
INFO - 2023-12-23 05:11:24 --> Session: Class initialized using 'CodeIgniter\Session\Handlers\FileHandler' driver.
INFO - 2023-12-23 05:11:31 --> Session: Class initialized using 'CodeIgniter\Session\Handlers\FileHandler' driver.
INFO - 2023-12-23 05:11:35 --> Session: Class initialized using 'CodeIgniter\Session\Handlers\FileHandler' driver.
INFO - 2023-12-23 05:13:01 --> Session: Class initialized using 'CodeIgniter\Session\Handlers\FileHandler' driver.
INFO - 2023-12-23 05:13:02 --> Session: Class initialized using 'CodeIgniter\Session\Handlers\FileHandler' driver.
INFO - 2023-12-23 05:13:08 --> Session: Class initialized using 'CodeIgniter\Session\Handlers\FileHandler' driver.
INFO - 2023-12-23 05:13:25 --> Session: Class initialized using 'CodeIgniter\Session\Handlers\FileHandler' driver.
INFO - 2023-12-23 05:13:29 --> Session: Class initialized using 'CodeIgniter\Session\Handlers\FileHandler' driver.
INFO - 2023-12-23 05:13:29 --> Session: Class initialized using 'CodeIgniter\Session\Handlers\FileHandler' driver.
INFO - 2023-12-23 05:15:48 --> Session: Class initialized using 'CodeIgniter\Session\Handlers\FileHandler' driver.
INFO - 2023-12-23 05:15:49 --> Session: Class initialized using 'CodeIgniter\Session\Handlers\FileHandler' driver.
INFO - 2023-12-23 05:15:54 --> Session: Class initialized using 'CodeIgniter\Session\Handlers\FileHandler' driver.
INFO - 2023-12-23 05:15:54 --> Session: Class initialized using 'CodeIgniter\Session\Handlers\FileHandler' driver.
CRITICAL - 2023-12-23 05:17:32 --> syntax error, unexpected 'public' (T_PUBLIC)
in APPPATH\Controllers\SigninController.php on line 52.
 1 SYSTEMPATH\Autoloader\Autoloader.php(291): CodeIgniter\Autoloader\Autoloader->includeFile('D:\\server\\xampp\\htdocs\\wdpf55_ci\\codeigniter_p\\app\\Controllers\\SigninController.php')
 2 SYSTEMPATH\Autoloader\Autoloader.php(269): CodeIgniter\Autoloader\Autoloader->loadInNamespace('App\\Controllers\\SigninController')
 3 [internal function]: CodeIgniter\Autoloader\Autoloader->loadClass('App\\Controllers\\SigninController')
 4 [internal function]: spl_autoload_call('App\\Controllers\\SigninController')
 5 SYSTEMPATH\CodeIgniter.php(900): class_exists('\\App\\Controllers\\SigninController', true)
 6 SYSTEMPATH\CodeIgniter.php(489): CodeIgniter\CodeIgniter->startController()
 7 SYSTEMPATH\CodeIgniter.php(361): CodeIgniter\CodeIgniter->handleRequest(null, Object(Config\Cache), false)
 8 FCPATH\index.php(79): CodeIgniter\CodeIgniter->run()
 9 SYSTEMPATH\Commands\Server\rewrite.php(47): require_once('D:\\server\\xampp\\htdocs\\wdpf55_ci\\codeigniter_p\\public\\index.php')
INFO - 2023-12-23 05:18:22 --> Session: Class initialized using 'CodeIgniter\Session\Handlers\FileHandler' driver.
INFO - 2023-12-23 05:18:51 --> Session: Class initialized using 'CodeIgniter\Session\Handlers\FileHandler' driver.
INFO - 2023-12-23 05:18:52 --> Session: Class initialized using 'CodeIgniter\Session\Handlers\FileHandler' driver.
INFO - 2023-12-23 05:18:54 --> Session: Class initialized using 'CodeIgniter\Session\Handlers\FileHandler' driver.
INFO - 2023-12-23 05:19:01 --> Session: Class initialized using 'CodeIgniter\Session\Handlers\FileHandler' driver.
INFO - 2023-12-23 05:24:38 --> Session: Class initialized using 'CodeIgniter\Session\Handlers\FileHandler' driver.
INFO - 2023-12-23 05:24:40 --> Session: Class initialized using 'CodeIgniter\Session\Handlers\FileHandler' driver.
INFO - 2023-12-23 05:24:45 --> Session: Class initialized using 'CodeIgniter\Session\Handlers\FileHandler' driver.
INFO - 2023-12-23 05:31:09 --> Session: Class initialized using 'CodeIgniter\Session\Handlers\FileHandler' driver.
INFO - 2023-12-23 05:31:09 --> Session: Class initialized using 'CodeIgniter\Session\Handlers\FileHandler' driver.
INFO - 2023-12-23 05:31:16 --> Session: Class initialized using 'CodeIgniter\Session\Handlers\FileHandler' driver.
INFO - 2023-12-23 05:31:19 --> Session: Class initialized using 'CodeIgniter\Session\Handlers\FileHandler' driver.
INFO - 2023-12-23 05:31:19 --> Session: Class initialized using 'CodeIgniter\Session\Handlers\FileHandler' driver.
INFO - 2023-12-23 05:31:50 --> Session: Class initialized using 'CodeIgniter\Session\Handlers\FileHandler' driver.
INFO - 2023-12-23 06:41:52 --> Session: Class initialized using 'CodeIgniter\Session\Handlers\FileHandler' driver.
ERROR - 2023-12-23 09:21:20 --> mysqli_sql_exception: Table 'tourism_db.title' doesn't exist in D:\server\xampp\htdocs\wdpf55_ci\codeigniter_p\system\Database\MySQLi\Connection.php:306
Stack trace:
#0 D:\server\xampp\htdocs\wdpf55_ci\codeigniter_p\system\Database\MySQLi\Connection.php(306): mysqli->query('SELECT *\nFROM `...', 0)
#1 D:\server\xampp\htdocs\wdpf55_ci\codeigniter_p\system\Database\BaseConnection.php(693): CodeIgniter\Database\MySQLi\Connection->execute('SELECT *\nFROM `...')
#2 D:\server\xampp\htdocs\wdpf55_ci\codeigniter_p\system\Database\BaseConnection.php(607): CodeIgniter\Database\BaseConnection->simpleQuery('SELECT *\nFROM `...')
#3 D:\server\xampp\htdocs\wdpf55_ci\codeigniter_p\system\Database\BaseBuilder.php(1615): CodeIgniter\Database\BaseConnection->query('SELECT *\nFROM `...', Array, false)
#4 D:\server\xampp\htdocs\wdpf55_ci\codeigniter_p\system\Model.php(237): CodeIgniter\Database\BaseBuilder->get()
#5 D:\server\xampp\htdocs\wdpf55_ci\codeigniter_p\system\BaseModel.php(624): CodeIgniter\Model->doFindAll(0, 0)
#6 D:\server\xampp\htdocs\wdpf55_ci\codeigniter_p\app\Controllers\BookingController.php(22): CodeIgniter\BaseModel->findAll()
#7 D:\server\xampp\htdocs\wdpf55_ci\codeigniter_p\system\CodeIgniter.php(942): App\Controllers\BookingController->index()
#8 D:\server\xampp\htdocs\wdpf55_ci\codeigniter_p\system\CodeIgniter.php(502): CodeIgniter\CodeIgniter->runController(Object(App\Controllers\BookingController))
#9 D:\server\xampp\htdocs\wdpf55_ci\codeigniter_p\system\CodeIgniter.php(361): CodeIgniter\CodeIgniter->handleRequest(NULL, Object(Config\Cache), false)
#10 D:\server\xampp\htdocs\wdpf55_ci\codeigniter_p\public\index.php(79): CodeIgniter\CodeIgniter->run()
#11 D:\server\xampp\htdocs\wdpf55_ci\codeigniter_p\system\Commands\Server\rewrite.php(47): require_once('D:\\server\\xampp...')
#12 {main}
CRITICAL - 2023-12-23 09:21:20 --> Table 'tourism_db.title' doesn't exist
in SYSTEMPATH\Database\BaseConnection.php on line 647.
 1 SYSTEMPATH\Database\BaseBuilder.php(1615): CodeIgniter\Database\BaseConnection->query('SELECT *
FROM `book_list`
JOIN `title` ON `packages`.`id` = `book_list`.`package_id`', [], false)
 2 SYSTEMPATH\Model.php(237): CodeIgniter\Database\BaseBuilder->get()
 3 SYSTEMPATH\BaseModel.php(624): CodeIgniter\Model->doFindAll(0, 0)
 4 APPPATH\Controllers\BookingController.php(22): CodeIgniter\BaseModel->findAll()
 5 SYSTEMPATH\CodeIgniter.php(942): App\Controllers\BookingController->index()
 6 SYSTEMPATH\CodeIgniter.php(502): CodeIgniter\CodeIgniter->runController(Object(App\Controllers\BookingController))
 7 SYSTEMPATH\CodeIgniter.php(361): CodeIgniter\CodeIgniter->handleRequest(null, Object(Config\Cache), false)
 8 FCPATH\index.php(79): CodeIgniter\CodeIgniter->run()
 9 SYSTEMPATH\Commands\Server\rewrite.php(47): require_once('D:\\server\\xampp\\htdocs\\wdpf55_ci\\codeigniter_p\\public\\index.php')
ERROR - 2023-12-23 09:22:01 --> mysqli_sql_exception: Table 'tourism_db.title' doesn't exist in D:\server\xampp\htdocs\wdpf55_ci\codeigniter_p\system\Database\MySQLi\Connection.php:306
Stack trace:
#0 D:\server\xampp\htdocs\wdpf55_ci\codeigniter_p\system\Database\MySQLi\Connection.php(306): mysqli->query('SELECT *\nFROM `...', 0)
#1 D:\server\xampp\htdocs\wdpf55_ci\codeigniter_p\system\Database\BaseConnection.php(693): CodeIgniter\Database\MySQLi\Connection->execute('SELECT *\nFROM `...')
#2 D:\server\xampp\htdocs\wdpf55_ci\codeigniter_p\system\Database\BaseConnection.php(607): CodeIgniter\Database\BaseConnection->simpleQuery('SELECT *\nFROM `...')
#3 D:\server\xampp\htdocs\wdpf55_ci\codeigniter_p\system\Database\BaseBuilder.php(1615): CodeIgniter\Database\BaseConnection->query('SELECT *\nFROM `...', Array, false)
#4 D:\server\xampp\htdocs\wdpf55_ci\codeigniter_p\system\Model.php(237): CodeIgniter\Database\BaseBuilder->get()
#5 D:\server\xampp\htdocs\wdpf55_ci\codeigniter_p\system\BaseModel.php(624): CodeIgniter\Model->doFindAll(0, 0)
#6 D:\server\xampp\htdocs\wdpf55_ci\codeigniter_p\app\Controllers\BookingController.php(22): CodeIgniter\BaseModel->findAll()
#7 D:\server\xampp\htdocs\wdpf55_ci\codeigniter_p\system\CodeIgniter.php(942): App\Controllers\BookingController->index()
#8 D:\server\xampp\htdocs\wdpf55_ci\codeigniter_p\system\CodeIgniter.php(502): CodeIgniter\CodeIgniter->runController(Object(App\Controllers\BookingController))
#9 D:\server\xampp\htdocs\wdpf55_ci\codeigniter_p\system\CodeIgniter.php(361): CodeIgniter\CodeIgniter->handleRequest(NULL, Object(Config\Cache), false)
#10 D:\server\xampp\htdocs\wdpf55_ci\codeigniter_p\public\index.php(79): CodeIgniter\CodeIgniter->run()
#11 D:\server\xampp\htdocs\wdpf55_ci\codeigniter_p\system\Commands\Server\rewrite.php(47): require_once('D:\\server\\xampp...')
#12 {main}
CRITICAL - 2023-12-23 09:22:01 --> Table 'tourism_db.title' doesn't exist
in SYSTEMPATH\Database\BaseConnection.php on line 647.
 1 SYSTEMPATH\Database\BaseBuilder.php(1615): CodeIgniter\Database\BaseConnection->query('SELECT *
FROM `book_list`
JOIN `title` ON `packages`.`id` = `book_list`.`package_id`', [], false)
 2 SYSTEMPATH\Model.php(237): CodeIgniter\Database\BaseBuilder->get()
 3 SYSTEMPATH\BaseModel.php(624): CodeIgniter\Model->doFindAll(0, 0)
 4 APPPATH\Controllers\BookingController.php(22): CodeIgniter\BaseModel->findAll()
 5 SYSTEMPATH\CodeIgniter.php(942): App\Controllers\BookingController->index()
 6 SYSTEMPATH\CodeIgniter.php(502): CodeIgniter\CodeIgniter->runController(Object(App\Controllers\BookingController))
 7 SYSTEMPATH\CodeIgniter.php(361): CodeIgniter\CodeIgniter->handleRequest(null, Object(Config\Cache), false)
 8 FCPATH\index.php(79): CodeIgniter\CodeIgniter->run()
 9 SYSTEMPATH\Commands\Server\rewrite.php(47): require_once('D:\\server\\xampp\\htdocs\\wdpf55_ci\\codeigniter_p\\public\\index.php')
ERROR - 2023-12-23 09:22:56 --> mysqli_sql_exception: Table 'tourism_db.title' doesn't exist in D:\server\xampp\htdocs\wdpf55_ci\codeigniter_p\system\Database\MySQLi\Connection.php:306
Stack trace:
#0 D:\server\xampp\htdocs\wdpf55_ci\codeigniter_p\system\Database\MySQLi\Connection.php(306): mysqli->query('SELECT *\nFROM `...', 0)
#1 D:\server\xampp\htdocs\wdpf55_ci\codeigniter_p\system\Database\BaseConnection.php(693): CodeIgniter\Database\MySQLi\Connection->execute('SELECT *\nFROM `...')
#2 D:\server\xampp\htdocs\wdpf55_ci\codeigniter_p\system\Database\BaseConnection.php(607): CodeIgniter\Database\BaseConnection->simpleQuery('SELECT *\nFROM `...')
#3 D:\server\xampp\htdocs\wdpf55_ci\codeigniter_p\system\Database\BaseBuilder.php(1615): CodeIgniter\Database\BaseConnection->query('SELECT *\nFROM `...', Array, false)
#4 D:\server\xampp\htdocs\wdpf55_ci\codeigniter_p\system\Model.php(237): CodeIgniter\Database\BaseBuilder->get()
#5 D:\server\xampp\htdocs\wdpf55_ci\codeigniter_p\system\BaseModel.php(624): CodeIgniter\Model->doFindAll(0, 0)
#6 D:\server\xampp\htdocs\wdpf55_ci\codeigniter_p\app\Controllers\BookingController.php(22): CodeIgniter\BaseModel->findAll()
#7 D:\server\xampp\htdocs\wdpf55_ci\codeigniter_p\system\CodeIgniter.php(942): App\Controllers\BookingController->index()
#8 D:\server\xampp\htdocs\wdpf55_ci\codeigniter_p\system\CodeIgniter.php(502): CodeIgniter\CodeIgniter->runController(Object(App\Controllers\BookingController))
#9 D:\server\xampp\htdocs\wdpf55_ci\codeigniter_p\system\CodeIgniter.php(361): CodeIgniter\CodeIgniter->handleRequest(NULL, Object(Config\Cache), false)
#10 D:\server\xampp\htdocs\wdpf55_ci\codeigniter_p\public\index.php(79): CodeIgniter\CodeIgniter->run()
#11 D:\server\xampp\htdocs\wdpf55_ci\codeigniter_p\system\Commands\Server\rewrite.php(47): require_once('D:\\server\\xampp...')
#12 {main}
CRITICAL - 2023-12-23 09:22:56 --> Table 'tourism_db.title' doesn't exist
in SYSTEMPATH\Database\BaseConnection.php on line 647.
 1 SYSTEMPATH\Database\BaseBuilder.php(1615): CodeIgniter\Database\BaseConnection->query('SELECT *
FROM `book_list`
JOIN `title` ON `packages`.`id` = `book_list`.`package_id`', [], false)
 2 SYSTEMPATH\Model.php(237): CodeIgniter\Database\BaseBuilder->get()
 3 SYSTEMPATH\BaseModel.php(624): CodeIgniter\Model->doFindAll(0, 0)
 4 APPPATH\Controllers\BookingController.php(22): CodeIgniter\BaseModel->findAll()
 5 SYSTEMPATH\CodeIgniter.php(942): App\Controllers\BookingController->index()
 6 SYSTEMPATH\CodeIgniter.php(502): CodeIgniter\CodeIgniter->runController(Object(App\Controllers\BookingController))
 7 SYSTEMPATH\CodeIgniter.php(361): CodeIgniter\CodeIgniter->handleRequest(null, Object(Config\Cache), false)
 8 FCPATH\index.php(79): CodeIgniter\CodeIgniter->run()
 9 SYSTEMPATH\Commands\Server\rewrite.php(47): require_once('D:\\server\\xampp\\htdocs\\wdpf55_ci\\codeigniter_p\\public\\index.php')
ERROR - 2023-12-23 09:22:58 --> mysqli_sql_exception: Table 'tourism_db.title' doesn't exist in D:\server\xampp\htdocs\wdpf55_ci\codeigniter_p\system\Database\MySQLi\Connection.php:306
Stack trace:
#0 D:\server\xampp\htdocs\wdpf55_ci\codeigniter_p\system\Database\MySQLi\Connection.php(306): mysqli->query('SELECT *\nFROM `...', 0)
#1 D:\server\xampp\htdocs\wdpf55_ci\codeigniter_p\system\Database\BaseConnection.php(693): CodeIgniter\Database\MySQLi\Connection->execute('SELECT *\nFROM `...')
#2 D:\server\xampp\htdocs\wdpf55_ci\codeigniter_p\system\Database\BaseConnection.php(607): CodeIgniter\Database\BaseConnection->simpleQuery('SELECT *\nFROM `...')
#3 D:\server\xampp\htdocs\wdpf55_ci\codeigniter_p\system\Database\BaseBuilder.php(1615): CodeIgniter\Database\BaseConnection->query('SELECT *\nFROM `...', Array, false)
#4 D:\server\xampp\htdocs\wdpf55_ci\codeigniter_p\system\Model.php(237): CodeIgniter\Database\BaseBuilder->get()
#5 D:\server\xampp\htdocs\wdpf55_ci\codeigniter_p\system\BaseModel.php(624): CodeIgniter\Model->doFindAll(0, 0)
#6 D:\server\xampp\htdocs\wdpf55_ci\codeigniter_p\app\Controllers\BookingController.php(22): CodeIgniter\BaseModel->findAll()
#7 D:\server\xampp\htdocs\wdpf55_ci\codeigniter_p\system\CodeIgniter.php(942): App\Controllers\BookingController->index()
#8 D:\server\xampp\htdocs\wdpf55_ci\codeigniter_p\system\CodeIgniter.php(502): CodeIgniter\CodeIgniter->runController(Object(App\Controllers\BookingController))
#9 D:\server\xampp\htdocs\wdpf55_ci\codeigniter_p\system\CodeIgniter.php(361): CodeIgniter\CodeIgniter->handleRequest(NULL, Object(Config\Cache), false)
#10 D:\server\xampp\htdocs\wdpf55_ci\codeigniter_p\public\index.php(79): CodeIgniter\CodeIgniter->run()
#11 D:\server\xampp\htdocs\wdpf55_ci\codeigniter_p\system\Commands\Server\rewrite.php(47): require_once('D:\\server\\xampp...')
#12 {main}
CRITICAL - 2023-12-23 09:22:58 --> Table 'tourism_db.title' doesn't exist
in SYSTEMPATH\Database\BaseConnection.php on line 647.
 1 SYSTEMPATH\Database\BaseBuilder.php(1615): CodeIgniter\Database\BaseConnection->query('SELECT *
FROM `book_list`
JOIN `title` ON `packages`.`id` = `book_list`.`package_id`', [], false)
 2 SYSTEMPATH\Model.php(237): CodeIgniter\Database\BaseBuilder->get()
 3 SYSTEMPATH\BaseModel.php(624): CodeIgniter\Model->doFindAll(0, 0)
 4 APPPATH\Controllers\BookingController.php(22): CodeIgniter\BaseModel->findAll()
 5 SYSTEMPATH\CodeIgniter.php(942): App\Controllers\BookingController->index()
 6 SYSTEMPATH\CodeIgniter.php(502): CodeIgniter\CodeIgniter->runController(Object(App\Controllers\BookingController))
 7 SYSTEMPATH\CodeIgniter.php(361): CodeIgniter\CodeIgniter->handleRequest(null, Object(Config\Cache), false)
 8 FCPATH\index.php(79): CodeIgniter\CodeIgniter->run()
 9 SYSTEMPATH\Commands\Server\rewrite.php(47): require_once('D:\\server\\xampp\\htdocs\\wdpf55_ci\\codeigniter_p\\public\\index.php')
ERROR - 2023-12-23 09:23:13 --> mysqli_sql_exception: Table 'tourism_db.title' doesn't exist in D:\server\xampp\htdocs\wdpf55_ci\codeigniter_p\system\Database\MySQLi\Connection.php:306
Stack trace:
#0 D:\server\xampp\htdocs\wdpf55_ci\codeigniter_p\system\Database\MySQLi\Connection.php(306): mysqli->query('SELECT *\nFROM `...', 0)
#1 D:\server\xampp\htdocs\wdpf55_ci\codeigniter_p\system\Database\BaseConnection.php(693): CodeIgniter\Database\MySQLi\Connection->execute('SELECT *\nFROM `...')
#2 D:\server\xampp\htdocs\wdpf55_ci\codeigniter_p\system\Database\BaseConnection.php(607): CodeIgniter\Database\BaseConnection->simpleQuery('SELECT *\nFROM `...')
#3 D:\server\xampp\htdocs\wdpf55_ci\codeigniter_p\system\Database\BaseBuilder.php(1615): CodeIgniter\Database\BaseConnection->query('SELECT *\nFROM `...', Array, false)
#4 D:\server\xampp\htdocs\wdpf55_ci\codeigniter_p\system\Model.php(237): CodeIgniter\Database\BaseBuilder->get()
#5 D:\server\xampp\htdocs\wdpf55_ci\codeigniter_p\system\BaseModel.php(624): CodeIgniter\Model->doFindAll(0, 0)
#6 D:\server\xampp\htdocs\wdpf55_ci\codeigniter_p\app\Controllers\BookingController.php(22): CodeIgniter\BaseModel->findAll()
#7 D:\server\xampp\htdocs\wdpf55_ci\codeigniter_p\system\CodeIgniter.php(942): App\Controllers\BookingController->index()
#8 D:\server\xampp\htdocs\wdpf55_ci\codeigniter_p\system\CodeIgniter.php(502): CodeIgniter\CodeIgniter->runController(Object(App\Controllers\BookingController))
#9 D:\server\xampp\htdocs\wdpf55_ci\codeigniter_p\system\CodeIgniter.php(361): CodeIgniter\CodeIgniter->handleRequest(NULL, Object(Config\Cache), false)
#10 D:\server\xampp\htdocs\wdpf55_ci\codeigniter_p\public\index.php(79): CodeIgniter\CodeIgniter->run()
#11 D:\server\xampp\htdocs\wdpf55_ci\codeigniter_p\system\Commands\Server\rewrite.php(47): require_once('D:\\server\\xampp...')
#12 {main}
CRITICAL - 2023-12-23 09:23:13 --> Table 'tourism_db.title' doesn't exist
in SYSTEMPATH\Database\BaseConnection.php on line 647.
 1 SYSTEMPATH\Database\BaseBuilder.php(1615): CodeIgniter\Database\BaseConnection->query('SELECT *
FROM `book_list`
JOIN `title` ON `packages`.`id` = `book_list`.`package_id`', [], false)
 2 SYSTEMPATH\Model.php(237): CodeIgniter\Database\BaseBuilder->get()
 3 SYSTEMPATH\BaseModel.php(624): CodeIgniter\Model->doFindAll(0, 0)
 4 APPPATH\Controllers\BookingController.php(22): CodeIgniter\BaseModel->findAll()
 5 SYSTEMPATH\CodeIgniter.php(942): App\Controllers\BookingController->index()
 6 SYSTEMPATH\CodeIgniter.php(502): CodeIgniter\CodeIgniter->runController(Object(App\Controllers\BookingController))
 7 SYSTEMPATH\CodeIgniter.php(361): CodeIgniter\CodeIgniter->handleRequest(null, Object(Config\Cache), false)
 8 FCPATH\index.php(79): CodeIgniter\CodeIgniter->run()
 9 SYSTEMPATH\Commands\Server\rewrite.php(47): require_once('D:\\server\\xampp\\htdocs\\wdpf55_ci\\codeigniter_p\\public\\index.php')
ERROR - 2023-12-23 09:23:14 --> mysqli_sql_exception: Table 'tourism_db.title' doesn't exist in D:\server\xampp\htdocs\wdpf55_ci\codeigniter_p\system\Database\MySQLi\Connection.php:306
Stack trace:
#0 D:\server\xampp\htdocs\wdpf55_ci\codeigniter_p\system\Database\MySQLi\Connection.php(306): mysqli->query('SELECT *\nFROM `...', 0)
#1 D:\server\xampp\htdocs\wdpf55_ci\codeigniter_p\system\Database\BaseConnection.php(693): CodeIgniter\Database\MySQLi\Connection->execute('SELECT *\nFROM `...')
#2 D:\server\xampp\htdocs\wdpf55_ci\codeigniter_p\system\Database\BaseConnection.php(607): CodeIgniter\Database\BaseConnection->simpleQuery('SELECT *\nFROM `...')
#3 D:\server\xampp\htdocs\wdpf55_ci\codeigniter_p\system\Database\BaseBuilder.php(1615): CodeIgniter\Database\BaseConnection->query('SELECT *\nFROM `...', Array, false)
#4 D:\server\xampp\htdocs\wdpf55_ci\codeigniter_p\system\Model.php(237): CodeIgniter\Database\BaseBuilder->get()
#5 D:\server\xampp\htdocs\wdpf55_ci\codeigniter_p\system\BaseModel.php(624): CodeIgniter\Model->doFindAll(0, 0)
#6 D:\server\xampp\htdocs\wdpf55_ci\codeigniter_p\app\Controllers\BookingController.php(22): CodeIgniter\BaseModel->findAll()
#7 D:\server\xampp\htdocs\wdpf55_ci\codeigniter_p\system\CodeIgniter.php(942): App\Controllers\BookingController->index()
#8 D:\server\xampp\htdocs\wdpf55_ci\codeigniter_p\system\CodeIgniter.php(502): CodeIgniter\CodeIgniter->runController(Object(App\Controllers\BookingController))
#9 D:\server\xampp\htdocs\wdpf55_ci\codeigniter_p\system\CodeIgniter.php(361): CodeIgniter\CodeIgniter->handleRequest(NULL, Object(Config\Cache), false)
#10 D:\server\xampp\htdocs\wdpf55_ci\codeigniter_p\public\index.php(79): CodeIgniter\CodeIgniter->run()
#11 D:\server\xampp\htdocs\wdpf55_ci\codeigniter_p\system\Commands\Server\rewrite.php(47): require_once('D:\\server\\xampp...')
#12 {main}
CRITICAL - 2023-12-23 09:23:14 --> Table 'tourism_db.title' doesn't exist
in SYSTEMPATH\Database\BaseConnection.php on line 647.
 1 SYSTEMPATH\Database\BaseBuilder.php(1615): CodeIgniter\Database\BaseConnection->query('SELECT *
FROM `book_list`
JOIN `title` ON `packages`.`id` = `book_list`.`package_id`', [], false)
 2 SYSTEMPATH\Model.php(237): CodeIgniter\Database\BaseBuilder->get()
 3 SYSTEMPATH\BaseModel.php(624): CodeIgniter\Model->doFindAll(0, 0)
 4 APPPATH\Controllers\BookingController.php(22): CodeIgniter\BaseModel->findAll()
 5 SYSTEMPATH\CodeIgniter.php(942): App\Controllers\BookingController->index()
 6 SYSTEMPATH\CodeIgniter.php(502): CodeIgniter\CodeIgniter->runController(Object(App\Controllers\BookingController))
 7 SYSTEMPATH\CodeIgniter.php(361): CodeIgniter\CodeIgniter->handleRequest(null, Object(Config\Cache), false)
 8 FCPATH\index.php(79): CodeIgniter\CodeIgniter->run()
 9 SYSTEMPATH\Commands\Server\rewrite.php(47): require_once('D:\\server\\xampp\\htdocs\\wdpf55_ci\\codeigniter_p\\public\\index.php')
ERROR - 2023-12-23 09:23:19 --> mysqli_sql_exception: Table 'tourism_db.title' doesn't exist in D:\server\xampp\htdocs\wdpf55_ci\codeigniter_p\system\Database\MySQLi\Connection.php:306
Stack trace:
#0 D:\server\xampp\htdocs\wdpf55_ci\codeigniter_p\system\Database\MySQLi\Connection.php(306): mysqli->query('SELECT *\nFROM `...', 0)
#1 D:\server\xampp\htdocs\wdpf55_ci\codeigniter_p\system\Database\BaseConnection.php(693): CodeIgniter\Database\MySQLi\Connection->execute('SELECT *\nFROM `...')
#2 D:\server\xampp\htdocs\wdpf55_ci\codeigniter_p\system\Database\BaseConnection.php(607): CodeIgniter\Database\BaseConnection->simpleQuery('SELECT *\nFROM `...')
#3 D:\server\xampp\htdocs\wdpf55_ci\codeigniter_p\system\Database\BaseBuilder.php(1615): CodeIgniter\Database\BaseConnection->query('SELECT *\nFROM `...', Array, false)
#4 D:\server\xampp\htdocs\wdpf55_ci\codeigniter_p\system\Model.php(237): CodeIgniter\Database\BaseBuilder->get()
#5 D:\server\xampp\htdocs\wdpf55_ci\codeigniter_p\system\BaseModel.php(624): CodeIgniter\Model->doFindAll(0, 0)
#6 D:\server\xampp\htdocs\wdpf55_ci\codeigniter_p\app\Controllers\BookingController.php(22): CodeIgniter\BaseModel->findAll()
#7 D:\server\xampp\htdocs\wdpf55_ci\codeigniter_p\system\CodeIgniter.php(942): App\Controllers\BookingController->index()
#8 D:\server\xampp\htdocs\wdpf55_ci\codeigniter_p\system\CodeIgniter.php(502): CodeIgniter\CodeIgniter->runController(Object(App\Controllers\BookingController))
#9 D:\server\xampp\htdocs\wdpf55_ci\codeigniter_p\system\CodeIgniter.php(361): CodeIgniter\CodeIgniter->handleRequest(NULL, Object(Config\Cache), false)
#10 D:\server\xampp\htdocs\wdpf55_ci\codeigniter_p\public\index.php(79): CodeIgniter\CodeIgniter->run()
#11 D:\server\xampp\htdocs\wdpf55_ci\codeigniter_p\system\Commands\Server\rewrite.php(47): require_once('D:\\server\\xampp...')
#12 {main}
CRITICAL - 2023-12-23 09:23:19 --> Table 'tourism_db.title' doesn't exist
in SYSTEMPATH\Database\BaseConnection.php on line 647.
 1 SYSTEMPATH\Database\BaseBuilder.php(1615): CodeIgniter\Database\BaseConnection->query('SELECT *
FROM `book_list`
JOIN `title` ON `packages`.`id` = `book_list`.`package_id`', [], false)
 2 SYSTEMPATH\Model.php(237): CodeIgniter\Database\BaseBuilder->get()
 3 SYSTEMPATH\BaseModel.php(624): CodeIgniter\Model->doFindAll(0, 0)
 4 APPPATH\Controllers\BookingController.php(22): CodeIgniter\BaseModel->findAll()
 5 SYSTEMPATH\CodeIgniter.php(942): App\Controllers\BookingController->index()
 6 SYSTEMPATH\CodeIgniter.php(502): CodeIgniter\CodeIgniter->runController(Object(App\Controllers\BookingController))
 7 SYSTEMPATH\CodeIgniter.php(361): CodeIgniter\CodeIgniter->handleRequest(null, Object(Config\Cache), false)
 8 FCPATH\index.php(79): CodeIgniter\CodeIgniter->run()
 9 SYSTEMPATH\Commands\Server\rewrite.php(47): require_once('D:\\server\\xampp\\htdocs\\wdpf55_ci\\codeigniter_p\\public\\index.php')
CRITICAL - 2023-12-23 09:30:37 --> Undefined index: phone
in APPPATH\Views\booking\index.php on line 77.
 1 APPPATH\Views\booking\index.php(77): CodeIgniter\Debug\Exceptions->errorHandler(8, 'Undefined index: phone', 'D:\\server\\xampp\\htdocs\\wdpf55_ci\\codeigniter_p\\app\\Views\\booking\\index.php', 77, [...])
 2 SYSTEMPATH\View\View.php(228): include('D:\\server\\xampp\\htdocs\\wdpf55_ci\\codeigniter_p\\app\\Views\\booking\\index.php')
 3 SYSTEMPATH\View\View.php(231): CodeIgniter\View\View->CodeIgniter\View\{closure}()
 4 SYSTEMPATH\Common.php(1190): CodeIgniter\View\View->render('booking/index', [], true)
 5 APPPATH\Controllers\BookingController.php(22): view('booking/index', [...])
 6 SYSTEMPATH\CodeIgniter.php(942): App\Controllers\BookingController->index()
 7 SYSTEMPATH\CodeIgniter.php(502): CodeIgniter\CodeIgniter->runController(Object(App\Controllers\BookingController))
 8 SYSTEMPATH\CodeIgniter.php(361): CodeIgniter\CodeIgniter->handleRequest(null, Object(Config\Cache), false)
 9 FCPATH\index.php(79): CodeIgniter\CodeIgniter->run()
10 SYSTEMPATH\Commands\Server\rewrite.php(47): require_once('D:\\server\\xampp\\htdocs\\wdpf55_ci\\codeigniter_p\\public\\index.php')
CRITICAL - 2023-12-23 09:30:40 --> Undefined index: phone
in APPPATH\Views\booking\index.php on line 77.
 1 APPPATH\Views\booking\index.php(77): CodeIgniter\Debug\Exceptions->errorHandler(8, 'Undefined index: phone', 'D:\\server\\xampp\\htdocs\\wdpf55_ci\\codeigniter_p\\app\\Views\\booking\\index.php', 77, [...])
 2 SYSTEMPATH\View\View.php(228): include('D:\\server\\xampp\\htdocs\\wdpf55_ci\\codeigniter_p\\app\\Views\\booking\\index.php')
 3 SYSTEMPATH\View\View.php(231): CodeIgniter\View\View->CodeIgniter\View\{closure}()
 4 SYSTEMPATH\Common.php(1190): CodeIgniter\View\View->render('booking/index', [], true)
 5 APPPATH\Controllers\BookingController.php(22): view('booking/index', [...])
 6 SYSTEMPATH\CodeIgniter.php(942): App\Controllers\BookingController->index()
 7 SYSTEMPATH\CodeIgniter.php(502): CodeIgniter\CodeIgniter->runController(Object(App\Controllers\BookingController))
 8 SYSTEMPATH\CodeIgniter.php(361): CodeIgniter\CodeIgniter->handleRequest(null, Object(Config\Cache), false)
 9 FCPATH\index.php(79): CodeIgniter\CodeIgniter->run()
10 SYSTEMPATH\Commands\Server\rewrite.php(47): require_once('D:\\server\\xampp\\htdocs\\wdpf55_ci\\codeigniter_p\\public\\index.php')
INFO - 2023-12-23 12:51:48 --> Session: Class initialized using 'CodeIgniter\Session\Handlers\FileHandler' driver.
INFO - 2023-12-23 12:51:48 --> Session: Class initialized using 'CodeIgniter\Session\Handlers\FileHandler' driver.
INFO - 2023-12-23 12:51:56 --> Session: Class initialized using 'CodeIgniter\Session\Handlers\FileHandler' driver.
INFO - 2023-12-23 12:51:56 --> Session: Class initialized using 'CodeIgniter\Session\Handlers\FileHandler' driver.
INFO - 2023-12-23 12:52:23 --> Session: Class initialized using 'CodeIgniter\Session\Handlers\FileHandler' driver.
INFO - 2023-12-23 12:52:26 --> Session: Class initialized using 'CodeIgniter\Session\Handlers\FileHandler' driver.
INFO - 2023-12-23 12:52:30 --> Session: Class initialized using 'CodeIgniter\Session\Handlers\FileHandler' driver.
INFO - 2023-12-23 12:52:30 --> Session: Class initialized using 'CodeIgniter\Session\Handlers\FileHandler' driver.
INFO - 2023-12-23 12:52:37 --> Session: Class initialized using 'CodeIgniter\Session\Handlers\FileHandler' driver.
INFO - 2023-12-23 12:52:37 --> Session: Class initialized using 'CodeIgniter\Session\Handlers\FileHandler' driver.
CRITICAL - 2023-12-23 12:53:51 --> syntax error, unexpected ',', expecting end of file
in APPPATH\Config\Routes.php on line 50.
 1 SYSTEMPATH\CodeIgniter.php(810): CodeIgniter\Router\RouteCollection->loadRoutes()
 2 SYSTEMPATH\CodeIgniter.php(450): CodeIgniter\CodeIgniter->tryToRouteIt(null)
 3 SYSTEMPATH\CodeIgniter.php(361): CodeIgniter\CodeIgniter->handleRequest(null, Object(Config\Cache), false)
 4 FCPATH\index.php(79): CodeIgniter\CodeIgniter->run()
 5 SYSTEMPATH\Commands\Server\rewrite.php(47): require_once('D:\\server\\xampp\\htdocs\\wdpf55_ci\\codeigniter_p\\public\\index.php')
INFO - 2023-12-23 12:54:42 --> Session: Class initialized using 'CodeIgniter\Session\Handlers\FileHandler' driver.
INFO - 2023-12-23 12:54:42 --> Session: Class initialized using 'CodeIgniter\Session\Handlers\FileHandler' driver.
INFO - 2023-12-23 12:54:45 --> Session: Class initialized using 'CodeIgniter\Session\Handlers\FileHandler' driver.
INFO - 2023-12-23 12:54:47 --> Session: Class initialized using 'CodeIgniter\Session\Handlers\FileHandler' driver.
INFO - 2023-12-23 12:54:49 --> Session: Class initialized using 'CodeIgniter\Session\Handlers\FileHandler' driver.
INFO - 2023-12-23 12:54:57 --> Session: Class initialized using 'CodeIgniter\Session\Handlers\FileHandler' driver.
INFO - 2023-12-23 12:55:01 --> Session: Class initialized using 'CodeIgniter\Session\Handlers\FileHandler' driver.
INFO - 2023-12-23 12:55:05 --> Session: Class initialized using 'CodeIgniter\Session\Handlers\FileHandler' driver.
INFO - 2023-12-23 12:55:08 --> Session: Class initialized using 'CodeIgniter\Session\Handlers\FileHandler' driver.
INFO - 2023-12-23 12:59:54 --> Session: Class initialized using 'CodeIgniter\Session\Handlers\FileHandler' driver.
